Command line:
   ./testbench_isim_beh.exe
     -intstyle  ise
     -ipchost  localhost
     -ipcport  2237

Sat Feb 27 00:42:28 2010

Total Line Count : 1556

 Elaboration Time: 0.16023 sec

 Current Memory Usage: 145.195 Meg

 Total Signals          : 1573
 Total Nets             : 1439
 Total Signal Drivers   : 347
 Total Blocks           : 418
 Total Primitive Blocks : 301
 Total Processes        : 338
 Total Traceable Variables  : 592
 Total Scalar Nets and Variables : 27958
ntrace select -o on -m / -l this 
ntrace start 
isimrun 25000 ns 
Simulator is doing circuit initialization process.
Finished circuit initialization process.

 Total Simulation Time: 0.781123 sec

 Current Memory Usage: 154.632 Meg

Sat Feb 27 01:00:55 2010

