Determining compilation order of HDL files
Analyzing VHDL file kcuart_tx.vhd
Restoring VHDL parse-tree ieee.std_logic_1164 from
d:/xilinx/10.1/ise/vhdl/hdp/nt/ieee/std_logic_1164.vdb
Restoring VHDL parse-tree std.standard from
d:/xilinx/10.1/ise/vhdl/hdp/nt/std/standard.vdb
Restoring VHDL parse-tree ieee.std_logic_arith from
d:/xilinx/10.1/ise/vhdl/hdp/nt/ieee/std_logic_arith.vdb
Restoring VHDL parse-tree ieee.std_logic_unsigned from
d:/xilinx/10.1/ise/vhdl/hdp/nt/ieee/std_logic_unsigned.vdb
Restoring VHDL parse-tree unisim.vcomponents from
d:/xilinx/10.1/ise/vhdl/hdp/nt/unisim/unisim.vdbl
Analyzing VHDL file kcuart_rx.vhd
Analyzing VHDL file bbfifo_16x8.vhd
Analyzing VHDL file uart_tx.vhd
Analyzing VHDL file uart_rx.vhd
Analyzing VHDL file program.vhd
Analyzing VHDL file my_dcm.vhd
Restoring VHDL parse-tree ieee.numeric_std from
d:/xilinx/10.1/ise/vhdl/hdp/nt/ieee/numeric_std.vdb
Analyzing VHDL file kcpsm3.vhd
Analyzing VHDL file loopback.vhd
Analyzing VHDL file test.vhd
Saving VHDL parse-tree work.kcuart_tx into
c:/qqqqqqqq/lab3_gai/isim/work/kcuart_tx.vdb
Saving VHDL parse-tree work.kcuart_rx into
c:/qqqqqqqq/lab3_gai/isim/work/kcuart_rx.vdb
Saving VHDL parse-tree work.bbfifo_16x8 into
c:/qqqqqqqq/lab3_gai/isim/work/bbfifo_16x8.vdb
Saving VHDL parse-tree work.uart_tx into
c:/qqqqqqqq/lab3_gai/isim/work/uart_tx.vdb
Saving VHDL parse-tree work.uart_rx into
c:/qqqqqqqq/lab3_gai/isim/work/uart_rx.vdb
Saving VHDL parse-tree work.program into
c:/qqqqqqqq/lab3_gai/isim/work/program.vdb
Saving VHDL parse-tree work.my_dcm into
c:/qqqqqqqq/lab3_gai/isim/work/my_dcm.vdb
Saving VHDL parse-tree work.kcpsm3 into
c:/qqqqqqqq/lab3_gai/isim/work/kcpsm3.vdb
Saving VHDL parse-tree work.loopback into
c:/qqqqqqqq/lab3_gai/isim/work/loopback.vdb
Saving VHDL parse-tree work.test into c:/qqqqqqqq/lab3_gai/isim/work/test.vdb
Starting static elaboration
WARNING:HDLCompiler:746 - "N:/K.31/rtf/vhdl/src/ieee/numeric_std.vhd" Line 867.
   Range is empty (null range)
WARNING:HDLCompiler:746 - "N:/K.31/rtf/vhdl/src/ieee/numeric_std.vhd" Line 868.
   Range is empty (null range)
Restoring VHDL parse-tree unisim.ramb16_s18 from
d:/xilinx/10.1/ise/vhdl/hdp/nt/unisim/unisim.vdbl
Restoring VHDL parse-tree std.textio from
d:/xilinx/10.1/ise/vhdl/hdp/nt/std/textio.vdb
Restoring VHDL parse-tree ieee.vital_timing from
d:/xilinx/10.1/ise/vhdl/hdp/nt/ieee/vital_timing.vdb
Restoring VHDL parse-tree ieee.vital_primitives from
d:/xilinx/10.1/ise/vhdl/hdp/nt/ieee/vital_primitives.vdb
Restoring VHDL parse-tree unisim.vpkg from
d:/xilinx/10.1/ise/vhdl/hdp/nt/unisim/unisim.vdbl
Restoring VHDL parse-tree unisim.lut1 from
d:/xilinx/10.1/ise/vhdl/hdp/nt/unisim/unisim.vdbl
Restoring VHDL parse-tree unisim.fdr from
d:/xilinx/10.1/ise/vhdl/hdp/nt/unisim/unisim.vdbl
Restoring VHDL parse-tree unisim.fds from
d:/xilinx/10.1/ise/vhdl/hdp/nt/unisim/unisim.vdbl
Restoring VHDL parse-tree unisim.lut4 from
d:/xilinx/10.1/ise/vhdl/hdp/nt/unisim/unisim.vdbl
Restoring VHDL parse-tree unisim.fd from
d:/xilinx/10.1/ise/vhdl/hdp/nt/unisim/unisim.vdbl
Restoring VHDL parse-tree unisim.fde from
d:/xilinx/10.1/ise/vhdl/hdp/nt/unisim/unisim.vdbl
Restoring VHDL parse-tree unisim.lut3 from
d:/xilinx/10.1/ise/vhdl/hdp/nt/unisim/unisim.vdbl
Restoring VHDL parse-tree unisim.fdre from
d:/xilinx/10.1/ise/vhdl/hdp/nt/unisim/unisim.vdbl
Restoring VHDL parse-tree unisim.lut2 from
d:/xilinx/10.1/ise/vhdl/hdp/nt/unisim/unisim.vdbl
Restoring VHDL parse-tree unisim.muxcy from
d:/xilinx/10.1/ise/vhdl/hdp/nt/unisim/unisim.vdbl
Restoring VHDL parse-tree unisim.xorcy from
d:/xilinx/10.1/ise/vhdl/hdp/nt/unisim/unisim.vdbl
Restoring VHDL parse-tree unisim.inv from
d:/xilinx/10.1/ise/vhdl/hdp/nt/unisim/unisim.vdbl
Restoring VHDL parse-tree unisim.fdrse from
d:/xilinx/10.1/ise/vhdl/hdp/nt/unisim/unisim.vdbl
Restoring VHDL parse-tree unisim.ram16x1d from
d:/xilinx/10.1/ise/vhdl/hdp/nt/unisim/unisim.vdbl
Restoring VHDL parse-tree unisim.ram64x1s from
d:/xilinx/10.1/ise/vhdl/hdp/nt/unisim/unisim.vdbl
Restoring VHDL parse-tree unisim.muxf5 from
d:/xilinx/10.1/ise/vhdl/hdp/nt/unisim/unisim.vdbl
Restoring VHDL parse-tree unisim.ram32x1s from
d:/xilinx/10.1/ise/vhdl/hdp/nt/unisim/unisim.vdbl
Restoring VHDL parse-tree unisim.bufg from
d:/xilinx/10.1/ise/vhdl/hdp/nt/unisim/unisim.vdbl
Restoring VHDL parse-tree unisim.ibufg from
d:/xilinx/10.1/ise/vhdl/hdp/nt/unisim/unisim.vdbl
WARNING:HDLCompiler:321 - "N:/K.31/rtf/vhdl/src/unisims/unisim_VITAL.vhd" Line
   12554. Comparison between unequal length arrays always returns FALSE
WARNING:HDLCompiler:321 - "N:/K.31/rtf/vhdl/src/unisims/unisim_VITAL.vhd" Line
   12555. Comparison between unequal length arrays always returns FALSE
Restoring VHDL parse-tree unisim.dcm_sp from
d:/xilinx/10.1/ise/vhdl/hdp/nt/unisim/unisim.vdbl
WARNING:HDLCompiler:321 - "N:/K.31/rtf/vhdl/src/unisims/unisim_VITAL.vhd" Line
   6645. Comparison between unequal length arrays always returns FALSE
WARNING:HDLCompiler:321 - "N:/K.31/rtf/vhdl/src/unisims/unisim_VITAL.vhd" Line
   6719. Comparison between unequal length arrays always returns FALSE
WARNING:HDLCompiler:321 - "N:/K.31/rtf/vhdl/src/unisims/unisim_VITAL.vhd" Line
   6738. Comparison between unequal length arrays always returns FALSE
Restoring VHDL parse-tree unisim.dcm_sp_clock_divide_by_2 from
d:/xilinx/10.1/ise/vhdl/hdp/nt/unisim/unisim.vdbl
Restoring VHDL parse-tree unisim.dcm_sp_maximum_period_check from
d:/xilinx/10.1/ise/vhdl/hdp/nt/unisim/unisim.vdbl
Restoring VHDL parse-tree unisim.dcm_sp_clock_lost from
d:/xilinx/10.1/ise/vhdl/hdp/nt/unisim/unisim.vdbl
Restoring VHDL parse-tree unisim.muxf6 from
d:/xilinx/10.1/ise/vhdl/hdp/nt/unisim/unisim.vdbl
Restoring VHDL parse-tree unisim.fdrs from
d:/xilinx/10.1/ise/vhdl/hdp/nt/unisim/unisim.vdbl
Restoring VHDL parse-tree unisim.mult_and from
d:/xilinx/10.1/ise/vhdl/hdp/nt/unisim/unisim.vdbl
Restoring VHDL parse-tree unisim.srl16e from
d:/xilinx/10.1/ise/vhdl/hdp/nt/unisim/unisim.vdbl
Completed static elaboration
Fuse Memory Usage: 67028 Kb
Fuse CPU Usage: 55171 ms
Using precompiled package standard from library std
Using precompiled package std_logic_1164 from library ieee
Using precompiled package std_logic_arith from library ieee
Using precompiled package std_logic_unsigned from library ieee
Using precompiled package numeric_std from library ieee
Using precompiled package textio from library std
Using precompiled package vital_timing from library ieee
Using precompiled package vital_primitives from library ieee
Compiling package vcomponents
Compiling package vpkg
Compiling architecture ramb16_s18_v of entity ramb16_s18
[\RAMB16_S18("0000000000000000000...]
Compiling architecture low_level_definition of entity program [program_default]
Compiling architecture lut1_v of entity lut1 [\LUT1("0001")\]
Compiling architecture lut1_v of entity lut1 [\LUT1("0010")\]
Compiling architecture fdr_v of entity fdr [\FDR('0')\]
Compiling architecture fds_v of entity fds [\FDS('1')\]
Compiling architecture lut4_v of entity lut4 [\LUT4("0000000010000000")\]
Compiling architecture lut4_v of entity lut4 [\LUT4("1110101010101010")\]
Compiling architecture lut4_v of entity lut4 [\LUT4("0111010000000000")\]
Compiling architecture lut4_v of entity lut4 [\LUT4("0101101000111100")\]
Compiling architecture lut4_v of entity lut4 [\LUT4("0001000000000000")\]
Compiling architecture lut4_v of entity lut4 [\LUT4("0101010000000000")\]
Compiling architecture lut4_v of entity lut4 [\LUT4("0100000111111100")\]
Compiling architecture lut4_v of entity lut4 [\LUT4("0000000000000001")\]
Compiling architecture lut4_v of entity lut4 [\LUT4("0110100110010110")\]
Compiling architecture lut4_v of entity lut4 [\LUT4("1111001111111111")\]
Compiling architecture lut4_v of entity lut4 [\LUT4("0000000101000101")\]
Compiling architecture lut4_v of entity lut4 [\LUT4("0000010000000000")\]
Compiling architecture lut4_v of entity lut4 [\LUT4("1000000000000000")\]
Compiling architecture lut4_v of entity lut4 [\LUT4("1111111111100010")\]
Compiling architecture lut4_v of entity lut4 [\LUT4("0110111010001010")\]
Compiling architecture lut4_v of entity lut4 [\LUT4("0000000000000010")\]
Compiling architecture lut4_v of entity lut4 [\LUT4("0000000000010000")\]
Compiling architecture lut4_v of entity lut4 [\LUT4("0100000000000000")\]
Compiling architecture lut4_v of entity lut4 [\LUT4("0000000100000000")\]
Compiling architecture lut4_v of entity lut4 [\LUT4("0110010101010101")\]
Compiling architecture lut4_v of entity lut4 [\LUT4("1010100110011001")\]
Compiling architecture lut4_v of entity lut4 [\LUT4("1110010011111111")\]
Compiling architecture lut4_v of entity lut4 [\LUT4("0000000110010000")\]
Compiling architecture lut4_v of entity lut4 [\LUT4("0001010101000000")\]
Compiling architecture lut4_v of entity lut4 [\LUT4("0000000110000000")\]
Compiling architecture lut4_v of entity lut4 [\LUT4("0110011000000110")\]
Compiling architecture lut4_v of entity lut4 [\LUT4("1011111110100000")\]
Compiling architecture lut4_v of entity lut4 [\LUT4("0000000001000000")\]
Compiling architecture fd_v of entity fd [\FD('0')\]
Compiling architecture fde_v of entity fde [\FDE('0')\]
Compiling architecture lut3_v of entity lut3 [\LUT3("00000100")\]
Compiling architecture lut3_v of entity lut3 [\LUT3("00101111")\]
Compiling architecture lut3_v of entity lut3 [\LUT3("00111111")\]
Compiling architecture lut3_v of entity lut3 [\LUT3("11110011")\]
Compiling architecture lut3_v of entity lut3 [\LUT3("11100100")\]
Compiling architecture lut3_v of entity lut3 [\LUT3("00011111")\]
Compiling architecture lut3_v of entity lut3 [\LUT3("01101100")\]
Compiling architecture lut3_v of entity lut3 [\LUT3("10010110")\]
Compiling architecture lut3_v of entity lut3 [\LUT3("11111110")\]
Compiling architecture lut3_v of entity lut3 [\LUT3("00010000")\]
Compiling architecture lut3_v of entity lut3 [\LUT3("10010100")\]
Compiling architecture lut3_v of entity lut3 [\LUT3("11000100")\]
Compiling architecture lut3_v of entity lut3 [\LUT3("01010100")\]
Compiling architecture fdre_v of entity fdre [\FDRE('0')\]
Compiling architecture lut2_v of entity lut2 [\LUT2("1101")\]
Compiling architecture lut2_v of entity lut2 [\LUT2("1000")\]
Compiling architecture lut2_v of entity lut2 [\LUT2("1100")\]
Compiling architecture lut2_v of entity lut2 [\LUT2("0011")\]
Compiling architecture muxcy_v of entity muxcy [muxcy_default]
Compiling architecture xorcy_v of entity xorcy [xorcy_default]
Compiling architecture inv_v of entity inv [inv_default]
Compiling architecture fdrse_v of entity fdrse [\FDRSE('0')\]
Compiling architecture ram16x1d_v of entity ram16x1d
[\RAM16X1D("0000000000000000")\]
Compiling architecture ram64x1s_v of entity ram64x1s
[\RAM64X1S("000000000000000000000...]
Compiling architecture muxf5_v of entity muxf5 [muxf5_default]
Compiling architecture ram32x1s_v of entity ram32x1s
[\RAM32X1S("000000000000000000000...]
Compiling architecture low_level_definition of entity kcpsm3 [kcpsm3_default]
Compiling architecture bufg_v of entity bufg [bufg_default]
Compiling architecture ibufg_v of entity ibufg
[\IBUFG("DONT_CARE","0","DEFAULT"...]
Compiling architecture dcm_sp_clock_divide_by_2_v of entity
dcm_sp_clock_divide_by_2 [dcm_sp_clock_divide_by_2_default]
Compiling architecture dcm_sp_maximum_period_check_v of entity
dcm_sp_maximum_period_check [\dcm_sp_maximum_period_check("*"...]
Compiling architecture dcm_sp_maximum_period_check_v of entity
dcm_sp_maximum_period_check [\dcm_sp_maximum_period_check("*"...]
Compiling architecture dcm_sp_clock_lost_v of entity dcm_sp_clock_lost
[dcm_sp_clock_lost_default]
Compiling architecture dcm_sp_v of entity dcm_sp
[\DCM_SP(true,"*",true,false,2.0,...]
Compiling architecture behavioral of entity my_dcm [my_dcm_default]
Compiling architecture muxf6_v of entity muxf6 [muxf6_default]
Compiling architecture fdrs_v of entity fdrs [\FDRS('0')\]
Compiling architecture mult_and_v of entity mult_and [mult_and_default]
Compiling architecture srl16e_v of entity srl16e [\SRL16E("0000000000000000")\]
Compiling architecture low_level_definition of entity kcuart_tx
[kcuart_tx_default]
Compiling architecture low_level_definition of entity bbfifo_16x8
[bbfifo_16x8_default]
Compiling architecture macro_level_definition of entity uart_tx
[uart_tx_default]
Compiling architecture low_level_definition of entity kcuart_rx
[kcuart_rx_default]
Compiling architecture macro_level_definition of entity uart_rx
[uart_rx_default]
Compiling architecture behavioral of entity loopback [loopback_default]
Compiling architecture behavior of entity test
Compiled 173 VHDL Units
Built simulation executable test_isim_beh.exe
Fuse Memory Usage: 70360 Kb
Fuse CPU Usage: 55952 ms
