Release 10.1 - xst K.31 (nt)
Copyright (c) 1995-2008 Xilinx, Inc.  All rights reserved.
--> Parameter TMPDIR set to E:/labsolutions/VHDL/lab3/xst/projnav.tmp


Total REAL time to Xst completion: 0.00 secs
Total CPU time to Xst completion: 0.17 secs
 
--> Parameter xsthdpdir set to E:/labsolutions/VHDL/lab3/xst


Total REAL time to Xst completion: 0.00 secs
Total CPU time to Xst completion: 0.17 secs
 
--> Reading design: loopback.prj

TABLE OF CONTENTS
  1) Synthesis Options Summary
  2) HDL Compilation
  3) Design Hierarchy Analysis
  4) HDL Analysis
  5) HDL Synthesis
     5.1) HDL Synthesis Report
  6) Advanced HDL Synthesis
     6.1) Advanced HDL Synthesis Report
  7) Low Level Synthesis
  8) Partition Report
  9) Final Report
     9.1) Device utilization summary
     9.2) Partition Resource Summary
     9.3) TIMING REPORT


=========================================================================
*                      Synthesis Options Summary                        *
=========================================================================
---- Source Parameters
Input File Name                    : "loopback.prj"
Input Format                       : mixed
Ignore Synthesis Constraint File   : NO

---- Target Parameters
Output File Name                   : "loopback"
Output Format                      : NGC
Target Device                      : xc3s500e-4-pq208

---- Source Options
Top Module Name                    : loopback
Automatic FSM Extraction           : YES
FSM Encoding Algorithm             : Auto
Safe Implementation                : No
FSM Style                          : lut
RAM Extraction                     : Yes
RAM Style                          : Auto
ROM Extraction                     : Yes
Mux Style                          : Auto
Decoder Extraction                 : YES
Priority Encoder Extraction        : YES
Shift Register Extraction          : YES
Logical Shifter Extraction         : YES
XOR Collapsing                     : YES
ROM Style                          : Auto
Mux Extraction                     : YES
Resource Sharing                   : YES
Asynchronous To Synchronous        : NO
Multiplier Style                   : auto
Automatic Register Balancing       : No

---- Target Options
Add IO Buffers                     : YES
Global Maximum Fanout              : 500
Add Generic Clock Buffer(BUFG)     : 24
Register Duplication               : YES
Slice Packing                      : YES
Optimize Instantiated Primitives   : NO
Use Clock Enable                   : Yes
Use Synchronous Set                : Yes
Use Synchronous Reset              : Yes
Pack IO Registers into IOBs        : auto
Equivalent register Removal        : YES

---- General Options
Optimization Goal                  : Speed
Optimization Effort                : 1
Library Search Order               : loopback.lso
Keep Hierarchy                     : NO
Netlist Hierarchy                  : as_optimized
RTL Output                         : Yes
Global Optimization                : AllClockNets
Read Cores                         : YES
Write Timing Constraints           : NO
Cross Clock Analysis               : NO
Hierarchy Separator                : /
Bus Delimiter                      : <>
Case Specifier                     : maintain
Slice Utilization Ratio            : 100
BRAM Utilization Ratio             : 100
Verilog 2001                       : YES
Auto BRAM Packing                  : NO
Slice Utilization Ratio Delta      : 5

=========================================================================


=========================================================================
*                          HDL Compilation                              *
=========================================================================
Compiling vhdl file "E:/labsolutions/VHDL/lab3/kcuart_rx.vhd" in Library work.
Architecture low_level_definition of Entity kcuart_rx is up to date.
Compiling vhdl file "E:/labsolutions/VHDL/lab3/bbfifo_16x8.vhd" in Library work.
Architecture low_level_definition of Entity bbfifo_16x8 is up to date.
Compiling vhdl file "E:/labsolutions/VHDL/lab3/kcuart_tx.vhd" in Library work.
Architecture low_level_definition of Entity kcuart_tx is up to date.
Compiling vhdl file "E:/labsolutions/VHDL/lab3/program.vhd" in Library work.
Architecture low_level_definition of Entity program is up to date.
Compiling vhdl file "E:/labsolutions/VHDL/lab3/kcpsm3.vhd" in Library work.
Architecture low_level_definition of Entity kcpsm3 is up to date.
Compiling vhdl file "E:/labsolutions/VHDL/lab3/my_dcm.vhd" in Library work.
Architecture behavioral of Entity my_dcm is up to date.
Compiling vhdl file "E:/labsolutions/VHDL/lab3/uart_tx.vhd" in Library work.
Architecture macro_level_definition of Entity uart_tx is up to date.
Compiling vhdl file "E:/labsolutions/VHDL/lab3/uart_rx.vhd" in Library work.
Architecture macro_level_definition of Entity uart_rx is up to date.
Compiling vhdl file "E:/labsolutions/VHDL/lab3/loopback.vhd" in Library work.
Architecture behavioral of Entity loopback is up to date.

=========================================================================
*                     Design Hierarchy Analysis                         *
=========================================================================
Analyzing hierarchy for entity <loopback> in library <work> (architecture <behavioral>).

Analyzing hierarchy for entity <program> in library <work> (architecture <low_level_definition>).

Analyzing hierarchy for entity <kcpsm3> in library <work> (architecture <low_level_definition>).

Analyzing hierarchy for entity <my_dcm> in library <work> (architecture <behavioral>).

Analyzing hierarchy for entity <uart_tx> in library <work> (architecture <macro_level_definition>).

Analyzing hierarchy for entity <uart_rx> in library <work> (architecture <macro_level_definition>).

Analyzing hierarchy for entity <kcuart_tx> in library <work> (architecture <low_level_definition>).

Analyzing hierarchy for entity <bbfifo_16x8> in library <work> (architecture <low_level_definition>).

Analyzing hierarchy for entity <kcuart_rx> in library <work> (architecture <low_level_definition>).

WARNING:Xst:2591 - "E:/labsolutions/VHDL/lab3/kcpsm3.vhd" line 289: attribute on instance <INIT> overrides generic/parameter on component. It is possible that simulator will not take this attribute into account.
WARNING:Xst:2591 - "E:/labsolutions/VHDL/lab3/kcpsm3.vhd" line 1200: attribute on instance <INIT> overrides generic/parameter on component. It is possible that simulator will not take this attribute into account.
WARNING:Xst:2591 - "E:/labsolutions/VHDL/lab3/kcpsm3.vhd" line 452: attribute on instance <INIT> overrides generic/parameter on component. It is possible that simulator will not take this attribute into account.
WARNING:Xst:2591 - "E:/labsolutions/VHDL/lab3/kcpsm3.vhd" line 483: attribute on instance <INIT> overrides generic/parameter on component. It is possible that simulator will not take this attribute into account.
WARNING:Xst:2591 - "E:/labsolutions/VHDL/lab3/kcpsm3.vhd" line 606: attribute on instance <INIT> overrides generic/parameter on component. It is possible that simulator will not take this attribute into account.
WARNING:Xst:2591 - "E:/labsolutions/VHDL/lab3/kcpsm3.vhd" line 614: attribute on instance <INIT> overrides generic/parameter on component. It is possible that simulator will not take this attribute into account.
WARNING:Xst:2591 - "E:/labsolutions/VHDL/lab3/kcpsm3.vhd" line 381: attribute on instance <INIT> overrides generic/parameter on component. It is possible that simulator will not take this attribute into account.
WARNING:Xst:2591 - "E:/labsolutions/VHDL/lab3/kcpsm3.vhd" line 423: attribute on instance <INIT> overrides generic/parameter on component. It is possible that simulator will not take this attribute into account.
WARNING:Xst:2591 - "E:/labsolutions/VHDL/lab3/kcpsm3.vhd" line 525: attribute on instance <INIT> overrides generic/parameter on component. It is possible that simulator will not take this attribute into account.
WARNING:Xst:2591 - "E:/labsolutions/VHDL/lab3/kcpsm3.vhd" line 597: attribute on instance <INIT> overrides generic/parameter on component. It is possible that simulator will not take this attribute into account.
WARNING:Xst:2591 - "E:/labsolutions/VHDL/lab3/kcpsm3.vhd" line 682: attribute on instance <INIT> overrides generic/parameter on component. It is possible that simulator will not take this attribute into account.
WARNING:Xst:2591 - "E:/labsolutions/VHDL/lab3/kcpsm3.vhd" line 1109: attribute on instance <INIT> overrides generic/parameter on component. It is possible that simulator will not take this attribute into account.
WARNING:Xst:2591 - "E:/labsolutions/VHDL/lab3/kcpsm3.vhd" line 1136: attribute on instance <INIT> overrides generic/parameter on component. It is possible that simulator will not take this attribute into account.
WARNING:Xst:2591 - "E:/labsolutions/VHDL/lab3/kcpsm3.vhd" line 1220: attribute on instance <INIT> overrides generic/parameter on component. It is possible that simulator will not take this attribute into account.
WARNING:Xst:2591 - "E:/labsolutions/VHDL/lab3/kcpsm3.vhd" line 1269: attribute on instance <INIT> overrides generic/parameter on component. It is possible that simulator will not take this attribute into account.
WARNING:Xst:2591 - "E:/labsolutions/VHDL/lab3/kcuart_tx.vhd" line 270: attribute on instance <INIT> overrides generic/parameter on component. It is possible that simulator will not take this attribute into account.
WARNING:Xst:2591 - "E:/labsolutions/VHDL/lab3/kcuart_tx.vhd" line 318: attribute on instance <INIT> overrides generic/parameter on component. It is possible that simulator will not take this attribute into account.
WARNING:Xst:2591 - "E:/labsolutions/VHDL/lab3/bbfifo_16x8.vhd" line 257: attribute on instance <INIT> overrides generic/parameter on component. It is possible that simulator will not take this attribute into account.
WARNING:Xst:2591 - "E:/labsolutions/VHDL/lab3/kcuart_rx.vhd" line 254: attribute on instance <INIT> overrides generic/parameter on component. It is possible that simulator will not take this attribute into account.
WARNING:Xst:2591 - "E:/labsolutions/VHDL/lab3/kcpsm3.vhd" line 332: attribute on instance <INIT> overrides generic/parameter on component. It is possible that simulator will not take this attribute into account.
WARNING:Xst:2591 - "E:/labsolutions/VHDL/lab3/kcpsm3.vhd" line 371: attribute on instance <INIT> overrides generic/parameter on component. It is possible that simulator will not take this attribute into account.
WARNING:Xst:2591 - "E:/labsolutions/VHDL/lab3/kcpsm3.vhd" line 403: attribute on instance <INIT> overrides generic/parameter on component. It is possible that simulator will not take this attribute into account.
WARNING:Xst:2591 - "E:/labsolutions/VHDL/lab3/kcpsm3.vhd" line 413: attribute on instance <INIT> overrides generic/parameter on component. It is possible that simulator will not take this attribute into account.
WARNING:Xst:2591 - "E:/labsolutions/VHDL/lab3/kcpsm3.vhd" line 432: attribute on instance <INIT> overrides generic/parameter on component. It is possible that simulator will not take this attribute into account.
WARNING:Xst:2591 - "E:/labsolutions/VHDL/lab3/kcpsm3.vhd" line 442: attribute on instance <INIT> overrides generic/parameter on component. It is possible that simulator will not take this attribute into account.
WARNING:Xst:2591 - "E:/labsolutions/VHDL/lab3/kcpsm3.vhd" line 468: attribute on instance <INIT> overrides generic/parameter on component. It is possible that simulator will not take this attribute into account.
WARNING:Xst:2591 - "E:/labsolutions/VHDL/lab3/kcpsm3.vhd" line 493: attribute on instance <INIT> overrides generic/parameter on component. It is possible that simulator will not take this attribute into account.
WARNING:Xst:2591 - "E:/labsolutions/VHDL/lab3/kcpsm3.vhd" line 554: attribute on instance <INIT> overrides generic/parameter on component. It is possible that simulator will not take this attribute into account.
WARNING:Xst:2591 - "E:/labsolutions/VHDL/lab3/kcpsm3.vhd" line 587: attribute on instance <INIT> overrides generic/parameter on component. It is possible that simulator will not take this attribute into account.
WARNING:Xst:2591 - "E:/labsolutions/VHDL/lab3/kcpsm3.vhd" line 794: attribute on instance <INIT> overrides generic/parameter on component. It is possible that simulator will not take this attribute into account.
WARNING:Xst:2591 - "E:/labsolutions/VHDL/lab3/kcpsm3.vhd" line 871: attribute on instance <INIT> overrides generic/parameter on component. It is possible that simulator will not take this attribute into account.
WARNING:Xst:2591 - "E:/labsolutions/VHDL/lab3/kcpsm3.vhd" line 886: attribute on instance <INIT> overrides generic/parameter on component. It is possible that simulator will not take this attribute into account.
WARNING:Xst:2591 - "E:/labsolutions/VHDL/lab3/kcpsm3.vhd" line 937: attribute on instance <INIT> overrides generic/parameter on component. It is possible that simulator will not take this attribute into account.
WARNING:Xst:2591 - "E:/labsolutions/VHDL/lab3/kcpsm3.vhd" line 956: attribute on instance <INIT> overrides generic/parameter on component. It is possible that simulator will not take this attribute into account.
WARNING:Xst:2591 - "E:/labsolutions/VHDL/lab3/kcpsm3.vhd" line 1244: attribute on instance <INIT> overrides generic/parameter on component. It is possible that simulator will not take this attribute into account.
WARNING:Xst:2591 - "E:/labsolutions/VHDL/lab3/kcpsm3.vhd" line 1301: attribute on instance <INIT> overrides generic/parameter on component. It is possible that simulator will not take this attribute into account.
WARNING:Xst:2591 - "E:/labsolutions/VHDL/lab3/kcpsm3.vhd" line 1311: attribute on instance <INIT> overrides generic/parameter on component. It is possible that simulator will not take this attribute into account.
WARNING:Xst:2591 - "E:/labsolutions/VHDL/lab3/kcpsm3.vhd" line 1327: attribute on instance <INIT> overrides generic/parameter on component. It is possible that simulator will not take this attribute into account.
WARNING:Xst:2591 - "E:/labsolutions/VHDL/lab3/kcpsm3.vhd" line 1415: attribute on instance <INIT> overrides generic/parameter on component. It is possible that simulator will not take this attribute into account.
WARNING:Xst:2591 - "E:/labsolutions/VHDL/lab3/kcpsm3.vhd" line 1448: attribute on instance <INIT> overrides generic/parameter on component. It is possible that simulator will not take this attribute into account.
WARNING:Xst:2591 - "E:/labsolutions/VHDL/lab3/kcuart_tx.vhd" line 133: attribute on instance <INIT> overrides generic/parameter on component. It is possible that simulator will not take this attribute into account.
WARNING:Xst:2591 - "E:/labsolutions/VHDL/lab3/kcuart_tx.vhd" line 281: attribute on instance <INIT> overrides generic/parameter on component. It is possible that simulator will not take this attribute into account.
WARNING:Xst:2591 - "E:/labsolutions/VHDL/lab3/kcuart_tx.vhd" line 300: attribute on instance <INIT> overrides generic/parameter on component. It is possible that simulator will not take this attribute into account.
WARNING:Xst:2591 - "E:/labsolutions/VHDL/lab3/kcuart_tx.vhd" line 354: attribute on instance <INIT> overrides generic/parameter on component. It is possible that simulator will not take this attribute into account.
WARNING:Xst:2591 - "E:/labsolutions/VHDL/lab3/bbfifo_16x8.vhd" line 158: attribute on instance <INIT> overrides generic/parameter on component. It is possible that simulator will not take this attribute into account.
WARNING:Xst:2591 - "E:/labsolutions/VHDL/lab3/bbfifo_16x8.vhd" line 239: attribute on instance <INIT> overrides generic/parameter on component. It is possible that simulator will not take this attribute into account.
WARNING:Xst:2591 - "E:/labsolutions/VHDL/lab3/kcuart_rx.vhd" line 236: attribute on instance <INIT> overrides generic/parameter on component. It is possible that simulator will not take this attribute into account.
WARNING:Xst:2591 - "E:/labsolutions/VHDL/lab3/kcpsm3.vhd" line 828: attribute on instance <INIT> overrides generic/parameter on component. It is possible that simulator will not take this attribute into account.
WARNING:Xst:2591 - "E:/labsolutions/VHDL/lab3/kcpsm3.vhd" line 1368: attribute on instance <INIT> overrides generic/parameter on component. It is possible that simulator will not take this attribute into account.
WARNING:Xst:2591 - "E:/labsolutions/VHDL/lab3/kcpsm3.vhd" line 906: attribute on instance <INIT> overrides generic/parameter on component. It is possible that simulator will not take this attribute into account.
WARNING:Xst:2591 - "E:/labsolutions/VHDL/lab3/program.vhd" line 181: attribute on instance <INITP_00> overrides generic/parameter on component. It is possible that simulator will not take this attribute into account.
WARNING:Xst:2591 - "E:/labsolutions/VHDL/lab3/program.vhd" line 181: attribute on instance <INITP_01> overrides generic/parameter on component. It is possible that simulator will not take this attribute into account.
WARNING:Xst:2591 - "E:/labsolutions/VHDL/lab3/program.vhd" line 181: attribute on instance <INITP_02> overrides generic/parameter on component. It is possible that simulator will not take this attribute into account.
WARNING:Xst:2591 - "E:/labsolutions/VHDL/lab3/program.vhd" line 181: attribute on instance <INITP_03> overrides generic/parameter on component. It is possible that simulator will not take this attribute into account.
WARNING:Xst:2591 - "E:/labsolutions/VHDL/lab3/program.vhd" line 181: attribute on instance <INITP_04> overrides generic/parameter on component. It is possible that simulator will not take this attribute into account.
WARNING:Xst:2591 - "E:/labsolutions/VHDL/lab3/program.vhd" line 181: attribute on instance <INITP_05> overrides generic/parameter on component. It is possible that simulator will not take this attribute into account.
WARNING:Xst:2591 - "E:/labsolutions/VHDL/lab3/program.vhd" line 181: attribute on instance <INITP_06> overrides generic/parameter on component. It is possible that simulator will not take this attribute into account.
WARNING:Xst:2591 - "E:/labsolutions/VHDL/lab3/program.vhd" line 181: attribute on instance <INITP_07> overrides generic/parameter on component. It is possible that simulator will not take this attribute into account.
WARNING:Xst:2591 - "E:/labsolutions/VHDL/lab3/program.vhd" line 181: attribute on instance <INIT_00> overrides generic/parameter on component. It is possible that simulator will not take this attribute into account.
WARNING:Xst:2591 - "E:/labsolutions/VHDL/lab3/program.vhd" line 181: attribute on instance <INIT_01> overrides generic/parameter on component. It is possible that simulator will not take this attribute into account.
WARNING:Xst:2591 - "E:/labsolutions/VHDL/lab3/program.vhd" line 181: attribute on instance <INIT_02> overrides generic/parameter on component. It is possible that simulator will not take this attribute into account.
WARNING:Xst:2591 - "E:/labsolutions/VHDL/lab3/program.vhd" line 181: attribute on instance <INIT_03> overrides generic/parameter on component. It is possible that simulator will not take this attribute into account.
WARNING:Xst:2591 - "E:/labsolutions/VHDL/lab3/program.vhd" line 181: attribute on instance <INIT_04> overrides generic/parameter on component. It is possible that simulator will not take this attribute into account.
WARNING:Xst:2591 - "E:/labsolutions/VHDL/lab3/program.vhd" line 181: attribute on instance <INIT_05> overrides generic/parameter on component. It is possible that simulator will not take this attribute into account.
WARNING:Xst:2591 - "E:/labsolutions/VHDL/lab3/program.vhd" line 181: attribute on instance <INIT_06> overrides generic/parameter on component. It is possible that simulator will not take this attribute into account.
WARNING:Xst:2591 - "E:/labsolutions/VHDL/lab3/program.vhd" line 181: attribute on instance <INIT_07> overrides generic/parameter on component. It is possible that simulator will not take this attribute into account.
WARNING:Xst:2591 - "E:/labsolutions/VHDL/lab3/program.vhd" line 181: attribute on instance <INIT_08> overrides generic/parameter on component. It is possible that simulator will not take this attribute into account.
WARNING:Xst:2591 - "E:/labsolutions/VHDL/lab3/program.vhd" line 181: attribute on instance <INIT_09> overrides generic/parameter on component. It is possible that simulator will not take this attribute into account.
WARNING:Xst:2591 - "E:/labsolutions/VHDL/lab3/program.vhd" line 181: attribute on instance <INIT_0A> overrides generic/parameter on component. It is possible that simulator will not take this attribute into account.
WARNING:Xst:2591 - "E:/labsolutions/VHDL/lab3/program.vhd" line 181: attribute on instance <INIT_0B> overrides generic/parameter on component. It is possible that simulator will not take this attribute into account.
WARNING:Xst:2591 - "E:/labsolutions/VHDL/lab3/program.vhd" line 181: attribute on instance <INIT_0C> overrides generic/parameter on component. It is possible that simulator will not take this attribute into account.
WARNING:Xst:2591 - "E:/labsolutions/VHDL/lab3/program.vhd" line 181: attribute on instance <INIT_0D> overrides generic/parameter on component. It is possible that simulator will not take this attribute into account.
WARNING:Xst:2591 - "E:/labsolutions/VHDL/lab3/program.vhd" line 181: attribute on instance <INIT_0E> overrides generic/parameter on component. It is possible that simulator will not take this attribute into account.
WARNING:Xst:2591 - "E:/labsolutions/VHDL/lab3/program.vhd" line 181: attribute on instance <INIT_0F> overrides generic/parameter on component. It is possible that simulator will not take this attribute into account.
WARNING:Xst:2591 - "E:/labsolutions/VHDL/lab3/program.vhd" line 181: attribute on instance <INIT_10> overrides generic/parameter on component. It is possible that simulator will not take this attribute into account.
WARNING:Xst:2591 - "E:/labsolutions/VHDL/lab3/program.vhd" line 181: attribute on instance <INIT_11> overrides generic/parameter on component. It is possible that simulator will not take this attribute into account.
WARNING:Xst:2591 - "E:/labsolutions/VHDL/lab3/program.vhd" line 181: attribute on instance <INIT_12> overrides generic/parameter on component. It is possible that simulator will not take this attribute into account.
WARNING:Xst:2591 - "E:/labsolutions/VHDL/lab3/program.vhd" line 181: attribute on instance <INIT_13> overrides generic/parameter on component. It is possible that simulator will not take this attribute into account.
WARNING:Xst:2591 - "E:/labsolutions/VHDL/lab3/program.vhd" line 181: attribute on instance <INIT_14> overrides generic/parameter on component. It is possible that simulator will not take this attribute into account.
WARNING:Xst:2591 - "E:/labsolutions/VHDL/lab3/program.vhd" line 181: attribute on instance <INIT_15> overrides generic/parameter on component. It is possible that simulator will not take this attribute into account.
WARNING:Xst:2591 - "E:/labsolutions/VHDL/lab3/program.vhd" line 181: attribute on instance <INIT_16> overrides generic/parameter on component. It is possible that simulator will not take this attribute into account.
WARNING:Xst:2591 - "E:/labsolutions/VHDL/lab3/program.vhd" line 181: attribute on instance <INIT_17> overrides generic/parameter on component. It is possible that simulator will not take this attribute into account.
WARNING:Xst:2591 - "E:/labsolutions/VHDL/lab3/program.vhd" line 181: attribute on instance <INIT_18> overrides generic/parameter on component. It is possible that simulator will not take this attribute into account.
WARNING:Xst:2591 - "E:/labsolutions/VHDL/lab3/program.vhd" line 181: attribute on instance <INIT_19> overrides generic/parameter on component. It is possible that simulator will not take this attribute into account.
WARNING:Xst:2591 - "E:/labsolutions/VHDL/lab3/program.vhd" line 181: attribute on instance <INIT_1A> overrides generic/parameter on component. It is possible that simulator will not take this attribute into account.
WARNING:Xst:2591 - "E:/labsolutions/VHDL/lab3/program.vhd" line 181: attribute on instance <INIT_1B> overrides generic/parameter on component. It is possible that simulator will not take this attribute into account.
WARNING:Xst:2591 - "E:/labsolutions/VHDL/lab3/program.vhd" line 181: attribute on instance <INIT_1C> overrides generic/parameter on component. It is possible that simulator will not take this attribute into account.
WARNING:Xst:2591 - "E:/labsolutions/VHDL/lab3/program.vhd" line 181: attribute on instance <INIT_1D> overrides generic/parameter on component. It is possible that simulator will not take this attribute into account.
WARNING:Xst:2591 - "E:/labsolutions/VHDL/lab3/program.vhd" line 181: attribute on instance <INIT_1E> overrides generic/parameter on component. It is possible that simulator will not take this attribute into account.
WARNING:Xst:2591 - "E:/labsolutions/VHDL/lab3/program.vhd" line 181: attribute on instance <INIT_1F> overrides generic/parameter on component. It is possible that simulator will not take this attribute into account.
WARNING:Xst:2591 - "E:/labsolutions/VHDL/lab3/program.vhd" line 181: attribute on instance <INIT_20> overrides generic/parameter on component. It is possible that simulator will not take this attribute into account.
WARNING:Xst:2591 - "E:/labsolutions/VHDL/lab3/program.vhd" line 181: attribute on instance <INIT_21> overrides generic/parameter on component. It is possible that simulator will not take this attribute into account.
WARNING:Xst:2591 - "E:/labsolutions/VHDL/lab3/program.vhd" line 181: attribute on instance <INIT_22> overrides generic/parameter on component. It is possible that simulator will not take this attribute into account.
WARNING:Xst:2591 - "E:/labsolutions/VHDL/lab3/program.vhd" line 181: attribute on instance <INIT_23> overrides generic/parameter on component. It is possible that simulator will not take this attribute into account.
WARNING:Xst:2591 - "E:/labsolutions/VHDL/lab3/program.vhd" line 181: attribute on instance <INIT_24> overrides generic/parameter on component. It is possible that simulator will not take this attribute into account.
WARNING:Xst:2591 - "E:/labsolutions/VHDL/lab3/program.vhd" line 181: attribute on instance <INIT_25> overrides generic/parameter on component. It is possible that simulator will not take this attribute into account.
WARNING:Xst:2591 - "E:/labsolutions/VHDL/lab3/program.vhd" line 181: attribute on instance <INIT_26> overrides generic/parameter on component. It is possible that simulator will not take this attribute into account.
WARNING:Xst:2591 - "E:/labsolutions/VHDL/lab3/program.vhd" line 181: attribute on instance <INIT_27> overrides generic/parameter on component. It is possible that simulator will not take this attribute into account.
WARNING:Xst:2591 - "E:/labsolutions/VHDL/lab3/program.vhd" line 181: attribute on instance <INIT_28> overrides generic/parameter on component. It is possible that simulator will not take this attribute into account.
WARNING:Xst:2591 - "E:/labsolutions/VHDL/lab3/program.vhd" line 181: attribute on instance <INIT_29> overrides generic/parameter on component. It is possible that simulator will not take this attribute into account.
WARNING:Xst:2591 - "E:/labsolutions/VHDL/lab3/program.vhd" line 181: attribute on instance <INIT_2A> overrides generic/parameter on component. It is possible that simulator will not take this attribute into account.
WARNING:Xst:2591 - "E:/labsolutions/VHDL/lab3/program.vhd" line 181: attribute on instance <INIT_2B> overrides generic/parameter on component. It is possible that simulator will not take this attribute into account.
WARNING:Xst:2591 - "E:/labsolutions/VHDL/lab3/program.vhd" line 181: attribute on instance <INIT_2C> overrides generic/parameter on component. It is possible that simulator will not take this attribute into account.
WARNING:Xst:2591 - "E:/labsolutions/VHDL/lab3/program.vhd" line 181: attribute on instance <INIT_2D> overrides generic/parameter on component. It is possible that simulator will not take this attribute into account.
WARNING:Xst:2591 - "E:/labsolutions/VHDL/lab3/program.vhd" line 181: attribute on instance <INIT_2E> overrides generic/parameter on component. It is possible that simulator will not take this attribute into account.
WARNING:Xst:2591 - "E:/labsolutions/VHDL/lab3/program.vhd" line 181: attribute on instance <INIT_2F> overrides generic/parameter on component. It is possible that simulator will not take this attribute into account.
WARNING:Xst:2591 - "E:/labsolutions/VHDL/lab3/program.vhd" line 181: attribute on instance <INIT_30> overrides generic/parameter on component. It is possible that simulator will not take this attribute into account.
WARNING:Xst:2591 - "E:/labsolutions/VHDL/lab3/program.vhd" line 181: attribute on instance <INIT_31> overrides generic/parameter on component. It is possible that simulator will not take this attribute into account.
WARNING:Xst:2591 - "E:/labsolutions/VHDL/lab3/program.vhd" line 181: attribute on instance <INIT_32> overrides generic/parameter on component. It is possible that simulator will not take this attribute into account.
WARNING:Xst:2591 - "E:/labsolutions/VHDL/lab3/program.vhd" line 181: attribute on instance <INIT_33> overrides generic/parameter on component. It is possible that simulator will not take this attribute into account.
WARNING:Xst:2591 - "E:/labsolutions/VHDL/lab3/program.vhd" line 181: attribute on instance <INIT_34> overrides generic/parameter on component. It is possible that simulator will not take this attribute into account.
WARNING:Xst:2591 - "E:/labsolutions/VHDL/lab3/program.vhd" line 181: attribute on instance <INIT_35> overrides generic/parameter on component. It is possible that simulator will not take this attribute into account.
WARNING:Xst:2591 - "E:/labsolutions/VHDL/lab3/program.vhd" line 181: attribute on instance <INIT_36> overrides generic/parameter on component. It is possible that simulator will not take this attribute into account.
WARNING:Xst:2591 - "E:/labsolutions/VHDL/lab3/program.vhd" line 181: attribute on instance <INIT_37> overrides generic/parameter on component. It is possible that simulator will not take this attribute into account.
WARNING:Xst:2591 - "E:/labsolutions/VHDL/lab3/program.vhd" line 181: attribute on instance <INIT_38> overrides generic/parameter on component. It is possible that simulator will not take this attribute into account.
WARNING:Xst:2591 - "E:/labsolutions/VHDL/lab3/program.vhd" line 181: attribute on instance <INIT_39> overrides generic/parameter on component. It is possible that simulator will not take this attribute into account.
WARNING:Xst:2591 - "E:/labsolutions/VHDL/lab3/program.vhd" line 181: attribute on instance <INIT_3A> overrides generic/parameter on component. It is possible that simulator will not take this attribute into account.
WARNING:Xst:2591 - "E:/labsolutions/VHDL/lab3/program.vhd" line 181: attribute on instance <INIT_3B> overrides generic/parameter on component. It is possible that simulator will not take this attribute into account.
WARNING:Xst:2591 - "E:/labsolutions/VHDL/lab3/program.vhd" line 181: attribute on instance <INIT_3C> overrides generic/parameter on component. It is possible that simulator will not take this attribute into account.
WARNING:Xst:2591 - "E:/labsolutions/VHDL/lab3/program.vhd" line 181: attribute on instance <INIT_3D> overrides generic/parameter on component. It is possible that simulator will not take this attribute into account.
WARNING:Xst:2591 - "E:/labsolutions/VHDL/lab3/program.vhd" line 181: attribute on instance <INIT_3E> overrides generic/parameter on component. It is possible that simulator will not take this attribute into account.
WARNING:Xst:2591 - "E:/labsolutions/VHDL/lab3/program.vhd" line 181: attribute on instance <INIT_3F> overrides generic/parameter on component. It is possible that simulator will not take this attribute into account.
WARNING:Xst:2591 - "E:/labsolutions/VHDL/lab3/kcuart_tx.vhd" line 333: attribute on instance <INIT> overrides generic/parameter on component. It is possible that simulator will not take this attribute into account.

=========================================================================
*                            HDL Analysis                               *
=========================================================================
Analyzing Entity <loopback> in library <work> (Architecture <behavioral>).
WARNING:Xst:753 - "E:/labsolutions/VHDL/lab3/loopback.vhd" line 153: Unconnected output port 'interrupt_ack' of component 'kcpsm3'.
WARNING:Xst:753 - "E:/labsolutions/VHDL/lab3/loopback.vhd" line 170: Unconnected output port 'CLKIN_IBUFG_OUT' of component 'my_dcm'.
WARNING:Xst:753 - "E:/labsolutions/VHDL/lab3/loopback.vhd" line 170: Unconnected output port 'CLK0_OUT' of component 'my_dcm'.
WARNING:Xst:753 - "E:/labsolutions/VHDL/lab3/loopback.vhd" line 220: Unconnected output port 'buffer_full' of component 'uart_tx'.
WARNING:Xst:753 - "E:/labsolutions/VHDL/lab3/loopback.vhd" line 220: Unconnected output port 'buffer_half_full' of component 'uart_tx'.
WARNING:Xst:753 - "E:/labsolutions/VHDL/lab3/loopback.vhd" line 264: Unconnected output port 'buffer_full' of component 'uart_rx'.
WARNING:Xst:753 - "E:/labsolutions/VHDL/lab3/loopback.vhd" line 264: Unconnected output port 'buffer_half_full' of component 'uart_rx'.
Entity <loopback> analyzed. Unit <loopback> generated.

Analyzing Entity <program> in library <work> (Architecture <low_level_definition>).
    Set user-defined property "INIT =  00000" for instance <ram_1024_x_18> in unit <program>.
    Set user-defined property "INITP_00 =  000000000000000000000000000000000000000000000000000000000003E308" for instance <ram_1024_x_18> in unit <program>.
    Set user-defined property "INITP_01 =  0000000000000000000000000000000000000000000000000000000000000000" for instance <ram_1024_x_18> in unit <program>.
    Set user-defined property "INITP_02 =  0000000000000000000000000000000000000000000000000000000000000000" for instance <ram_1024_x_18> in unit <program>.
    Set user-defined property "INITP_03 =  0000000000000000000000000000000000000000000000000000000000000000" for instance <ram_1024_x_18> in unit <program>.
    Set user-defined property "INITP_04 =  0000000000000000000000000000000000000000000000000000000000000000" for instance <ram_1024_x_18> in unit <program>.
    Set user-defined property "INITP_05 =  0000000000000000000000000000000000000000000000000000000000000000" for instance <ram_1024_x_18> in unit <program>.
    Set user-defined property "INITP_06 =  0000000000000000000000000000000000000000000000000000000000000000" for instance <ram_1024_x_18> in unit <program>.
    Set user-defined property "INITP_07 =  0000000000000000000000000000000000000000000000000000000000000000" for instance <ram_1024_x_18> in unit <program>.
    Set user-defined property "INIT_00 =  000000000000000000000000000040004000C10341025000F1004104C1014100" for instance <ram_1024_x_18> in unit <program>.
    Set user-defined property "INIT_01 =  0000000000000000000000000000000000000000000000000000000000000000" for instance <ram_1024_x_18> in unit <program>.
    Set user-defined property "INIT_02 =  0000000000000000000000000000000000000000000000000000000000000000" for instance <ram_1024_x_18> in unit <program>.
    Set user-defined property "INIT_03 =  0000000000000000000000000000000000000000000000000000000000000000" for instance <ram_1024_x_18> in unit <program>.
    Set user-defined property "INIT_04 =  0000000000000000000000000000000000000000000000000000000000000000" for instance <ram_1024_x_18> in unit <program>.
    Set user-defined property "INIT_05 =  0000000000000000000000000000000000000000000000000000000000000000" for instance <ram_1024_x_18> in unit <program>.
    Set user-defined property "INIT_06 =  0000000000000000000000000000000000000000000000000000000000000000" for instance <ram_1024_x_18> in unit <program>.
    Set user-defined property "INIT_07 =  0000000000000000000000000000000000000000000000000000000000000000" for instance <ram_1024_x_18> in unit <program>.
    Set user-defined property "INIT_08 =  0000000000000000000000000000000000000000000000000000000000000000" for instance <ram_1024_x_18> in unit <program>.
    Set user-defined property "INIT_09 =  0000000000000000000000000000000000000000000000000000000000000000" for instance <ram_1024_x_18> in unit <program>.
    Set user-defined property "INIT_0A =  0000000000000000000000000000000000000000000000000000000000000000" for instance <ram_1024_x_18> in unit <program>.
    Set user-defined property "INIT_0B =  0000000000000000000000000000000000000000000000000000000000000000" for instance <ram_1024_x_18> in unit <program>.
    Set user-defined property "INIT_0C =  0000000000000000000000000000000000000000000000000000000000000000" for instance <ram_1024_x_18> in unit <program>.
    Set user-defined property "INIT_0D =  0000000000000000000000000000000000000000000000000000000000000000" for instance <ram_1024_x_18> in unit <program>.
    Set user-defined property "INIT_0E =  0000000000000000000000000000000000000000000000000000000000000000" for instance <ram_1024_x_18> in unit <program>.
    Set user-defined property "INIT_0F =  0000000000000000000000000000000000000000000000000000000000000000" for instance <ram_1024_x_18> in unit <program>.
    Set user-defined property "INIT_10 =  0000000000000000000000000000000000000000000000000000000000000000" for instance <ram_1024_x_18> in unit <program>.
    Set user-defined property "INIT_11 =  0000000000000000000000000000000000000000000000000000000000000000" for instance <ram_1024_x_18> in unit <program>.
    Set user-defined property "INIT_12 =  0000000000000000000000000000000000000000000000000000000000000000" for instance <ram_1024_x_18> in unit <program>.
    Set user-defined property "INIT_13 =  0000000000000000000000000000000000000000000000000000000000000000" for instance <ram_1024_x_18> in unit <program>.
    Set user-defined property "INIT_14 =  0000000000000000000000000000000000000000000000000000000000000000" for instance <ram_1024_x_18> in unit <program>.
    Set user-defined property "INIT_15 =  0000000000000000000000000000000000000000000000000000000000000000" for instance <ram_1024_x_18> in unit <program>.
    Set user-defined property "INIT_16 =  0000000000000000000000000000000000000000000000000000000000000000" for instance <ram_1024_x_18> in unit <program>.
    Set user-defined property "INIT_17 =  0000000000000000000000000000000000000000000000000000000000000000" for instance <ram_1024_x_18> in unit <program>.
    Set user-defined property "INIT_18 =  0000000000000000000000000000000000000000000000000000000000000000" for instance <ram_1024_x_18> in unit <program>.
    Set user-defined property "INIT_19 =  0000000000000000000000000000000000000000000000000000000000000000" for instance <ram_1024_x_18> in unit <program>.
    Set user-defined property "INIT_1A =  0000000000000000000000000000000000000000000000000000000000000000" for instance <ram_1024_x_18> in unit <program>.
    Set user-defined property "INIT_1B =  0000000000000000000000000000000000000000000000000000000000000000" for instance <ram_1024_x_18> in unit <program>.
    Set user-defined property "INIT_1C =  0000000000000000000000000000000000000000000000000000000000000000" for instance <ram_1024_x_18> in unit <program>.
    Set user-defined property "INIT_1D =  0000000000000000000000000000000000000000000000000000000000000000" for instance <ram_1024_x_18> in unit <program>.
    Set user-defined property "INIT_1E =  0000000000000000000000000000000000000000000000000000000000000000" for instance <ram_1024_x_18> in unit <program>.
    Set user-defined property "INIT_1F =  0000000000000000000000000000000000000000000000000000000000000000" for instance <ram_1024_x_18> in unit <program>.
    Set user-defined property "INIT_20 =  0000000000000000000000000000000000000000000000000000000000000000" for instance <ram_1024_x_18> in unit <program>.
    Set user-defined property "INIT_21 =  0000000000000000000000000000000000000000000000000000000000000000" for instance <ram_1024_x_18> in unit <program>.
    Set user-defined property "INIT_22 =  0000000000000000000000000000000000000000000000000000000000000000" for instance <ram_1024_x_18> in unit <program>.
    Set user-defined property "INIT_23 =  0000000000000000000000000000000000000000000000000000000000000000" for instance <ram_1024_x_18> in unit <program>.
    Set user-defined property "INIT_24 =  0000000000000000000000000000000000000000000000000000000000000000" for instance <ram_1024_x_18> in unit <program>.
    Set user-defined property "INIT_25 =  0000000000000000000000000000000000000000000000000000000000000000" for instance <ram_1024_x_18> in unit <program>.
    Set user-defined property "INIT_26 =  0000000000000000000000000000000000000000000000000000000000000000" for instance <ram_1024_x_18> in unit <program>.
    Set user-defined property "INIT_27 =  0000000000000000000000000000000000000000000000000000000000000000" for instance <ram_1024_x_18> in unit <program>.
    Set user-defined property "INIT_28 =  0000000000000000000000000000000000000000000000000000000000000000" for instance <ram_1024_x_18> in unit <program>.
    Set user-defined property "INIT_29 =  0000000000000000000000000000000000000000000000000000000000000000" for instance <ram_1024_x_18> in unit <program>.
    Set user-defined property "INIT_2A =  0000000000000000000000000000000000000000000000000000000000000000" for instance <ram_1024_x_18> in unit <program>.
    Set user-defined property "INIT_2B =  0000000000000000000000000000000000000000000000000000000000000000" for instance <ram_1024_x_18> in unit <program>.
    Set user-defined property "INIT_2C =  0000000000000000000000000000000000000000000000000000000000000000" for instance <ram_1024_x_18> in unit <program>.
    Set user-defined property "INIT_2D =  0000000000000000000000000000000000000000000000000000000000000000" for instance <ram_1024_x_18> in unit <program>.
    Set user-defined property "INIT_2E =  0000000000000000000000000000000000000000000000000000000000000000" for instance <ram_1024_x_18> in unit <program>.
    Set user-defined property "INIT_2F =  0000000000000000000000000000000000000000000000000000000000000000" for instance <ram_1024_x_18> in unit <program>.
    Set user-defined property "INIT_30 =  0000000000000000000000000000000000000000000000000000000000000000" for instance <ram_1024_x_18> in unit <program>.
    Set user-defined property "INIT_31 =  0000000000000000000000000000000000000000000000000000000000000000" for instance <ram_1024_x_18> in unit <program>.
    Set user-defined property "INIT_32 =  0000000000000000000000000000000000000000000000000000000000000000" for instance <ram_1024_x_18> in unit <program>.
    Set user-defined property "INIT_33 =  0000000000000000000000000000000000000000000000000000000000000000" for instance <ram_1024_x_18> in unit <program>.
    Set user-defined property "INIT_34 =  0000000000000000000000000000000000000000000000000000000000000000" for instance <ram_1024_x_18> in unit <program>.
    Set user-defined property "INIT_35 =  0000000000000000000000000000000000000000000000000000000000000000" for instance <ram_1024_x_18> in unit <program>.
    Set user-defined property "INIT_36 =  0000000000000000000000000000000000000000000000000000000000000000" for instance <ram_1024_x_18> in unit <program>.
    Set user-defined property "INIT_37 =  0000000000000000000000000000000000000000000000000000000000000000" for instance <ram_1024_x_18> in unit <program>.
    Set user-defined property "INIT_38 =  0000000000000000000000000000000000000000000000000000000000000000" for instance <ram_1024_x_18> in unit <program>.
    Set user-defined property "INIT_39 =  0000000000000000000000000000000000000000000000000000000000000000" for instance <ram_1024_x_18> in unit <program>.
    Set user-defined property "INIT_3A =  0000000000000000000000000000000000000000000000000000000000000000" for instance <ram_1024_x_18> in unit <program>.
    Set user-defined property "INIT_3B =  0000000000000000000000000000000000000000000000000000000000000000" for instance <ram_1024_x_18> in unit <program>.
    Set user-defined property "INIT_3C =  0000000000000000000000000000000000000000000000000000000000000000" for instance <ram_1024_x_18> in unit <program>.
    Set user-defined property "INIT_3D =  0000000000000000000000000000000000000000000000000000000000000000" for instance <ram_1024_x_18> in unit <program>.
    Set user-defined property "INIT_3E =  0000000000000000000000000000000000000000000000000000000000000000" for instance <ram_1024_x_18> in unit <program>.
    Set user-defined property "INIT_3F =  0000000000000000000000000000000000000000000000000000000000000000" for instance <ram_1024_x_18> in unit <program>.
    Set user-defined property "SRVAL =  00000" for instance <ram_1024_x_18> in unit <program>.
    Set user-defined property "WRITE_MODE =  WRITE_FIRST" for instance <ram_1024_x_18> in unit <program>.
Entity <program> analyzed. Unit <program> generated.

Analyzing Entity <kcpsm3> in library <work> (Architecture <low_level_definition>).
    Set user-defined property "INIT =  1" for instance <t_state_lut> in unit <kcpsm3>.
    Set user-defined property "INIT =  0" for instance <toggle_flop> in unit <kcpsm3>.
    Set user-defined property "INIT =  1" for instance <reset_flop1> in unit <kcpsm3>.
    Set user-defined property "INIT =  1" for instance <reset_flop2> in unit <kcpsm3>.
    Set user-defined property "INIT =  0" for instance <int_capture_flop> in unit <kcpsm3>.
    Set user-defined property "INIT =  0080" for instance <int_pulse_lut> in unit <kcpsm3>.
    Set user-defined property "INIT =  0" for instance <int_flop> in unit <kcpsm3>.
    Set user-defined property "INIT =  0" for instance <ack_flop> in unit <kcpsm3>.
    Set user-defined property "INIT =  0" for instance <shadow_carry_flop> in unit <kcpsm3>.
    Set user-defined property "INIT =  0" for instance <shadow_zero_flop> in unit <kcpsm3>.
    Set user-defined property "INIT =  EAAA" for instance <int_update_lut> in unit <kcpsm3>.
    Set user-defined property "INIT =  04" for instance <int_value_lut> in unit <kcpsm3>.
    Set user-defined property "INIT =  0" for instance <int_enable_flop> in unit <kcpsm3>.
    Set user-defined property "INIT =  7400" for instance <move_group_lut> in unit <kcpsm3>.
    Set user-defined property "INIT =  5A3C" for instance <condition_met_lut> in unit <kcpsm3>.
    Set user-defined property "INIT =  2F" for instance <normal_count_lut> in unit <kcpsm3>.
    Set user-defined property "INIT =  1000" for instance <call_type_lut> in unit <kcpsm3>.
    Set user-defined property "INIT =  5400" for instance <push_pop_lut> in unit <kcpsm3>.
    Set user-defined property "INIT =  D" for instance <valid_move_lut> in unit <kcpsm3>.
    Set user-defined property "INIT =  41FC" for instance <flag_type_lut> in unit <kcpsm3>.
    Set user-defined property "INIT =  0" for instance <flag_write_flop> in unit <kcpsm3>.
    Set user-defined property "INIT =  8" for instance <flag_enable_lut> in unit <kcpsm3>.
    Set user-defined property "INIT =  0001" for instance <low_zero_lut> in unit <kcpsm3>.
    Set user-defined property "INIT =  0001" for instance <high_zero_lut> in unit <kcpsm3>.
    Set user-defined property "INIT =  3F" for instance <sel_shadow_zero_lut> in unit <kcpsm3>.
    Set user-defined property "INIT =  0" for instance <zero_flag_flop> in unit <kcpsm3>.
    Set user-defined property "INIT =  6996" for instance <low_parity_lut> in unit <kcpsm3>.
    Set user-defined property "INIT =  6996" for instance <high_parity_lut> in unit <kcpsm3>.
    Set user-defined property "INIT =  F3FF" for instance <sel_parity_lut> in unit <kcpsm3>.
    Set user-defined property "INIT =  F3" for instance <sel_arith_carry_lut> in unit <kcpsm3>.
    Set user-defined property "INIT =  C" for instance <sel_shift_carry_lut> in unit <kcpsm3>.
    Set user-defined property "INIT =  3" for instance <sel_shadow_carry_lut> in unit <kcpsm3>.
    Set user-defined property "INIT =  0" for instance <carry_flag_flop> in unit <kcpsm3>.
    Set user-defined property "INIT =  E4" for instance <pc_loop[0].vector_select_mux> in unit <kcpsm3>.
    Set user-defined property "INIT =  E4" for instance <pc_loop[0].value_select_mux> in unit <kcpsm3>.
    Set user-defined property "INIT =  0" for instance <pc_loop[0].register_bit> in unit <kcpsm3>.
    Set user-defined property "INIT =  E4" for instance <pc_loop[1].vector_select_mux> in unit <kcpsm3>.
    Set user-defined property "INIT =  E4" for instance <pc_loop[1].value_select_mux> in unit <kcpsm3>.
    Set user-defined property "INIT =  0" for instance <pc_loop[1].register_bit> in unit <kcpsm3>.
    Set user-defined property "INIT =  E4" for instance <pc_loop[2].vector_select_mux> in unit <kcpsm3>.
    Set user-defined property "INIT =  E4" for instance <pc_loop[2].value_select_mux> in unit <kcpsm3>.
    Set user-defined property "INIT =  0" for instance <pc_loop[2].register_bit> in unit <kcpsm3>.
    Set user-defined property "INIT =  E4" for instance <pc_loop[3].vector_select_mux> in unit <kcpsm3>.
    Set user-defined property "INIT =  E4" for instance <pc_loop[3].value_select_mux> in unit <kcpsm3>.
    Set user-defined property "INIT =  0" for instance <pc_loop[3].register_bit> in unit <kcpsm3>.
    Set user-defined property "INIT =  E4" for instance <pc_loop[4].vector_select_mux> in unit <kcpsm3>.
    Set user-defined property "INIT =  E4" for instance <pc_loop[4].value_select_mux> in unit <kcpsm3>.
    Set user-defined property "INIT =  0" for instance <pc_loop[4].register_bit> in unit <kcpsm3>.
    Set user-defined property "INIT =  E4" for instance <pc_loop[5].vector_select_mux> in unit <kcpsm3>.
    Set user-defined property "INIT =  E4" for instance <pc_loop[5].value_select_mux> in unit <kcpsm3>.
    Set user-defined property "INIT =  0" for instance <pc_loop[5].register_bit> in unit <kcpsm3>.
    Set user-defined property "INIT =  E4" for instance <pc_loop[6].vector_select_mux> in unit <kcpsm3>.
    Set user-defined property "INIT =  E4" for instance <pc_loop[6].value_select_mux> in unit <kcpsm3>.
    Set user-defined property "INIT =  0" for instance <pc_loop[6].register_bit> in unit <kcpsm3>.
    Set user-defined property "INIT =  E4" for instance <pc_loop[7].vector_select_mux> in unit <kcpsm3>.
    Set user-defined property "INIT =  E4" for instance <pc_loop[7].value_select_mux> in unit <kcpsm3>.
    Set user-defined property "INIT =  0" for instance <pc_loop[7].register_bit> in unit <kcpsm3>.
    Set user-defined property "INIT =  E4" for instance <pc_loop[8].vector_select_mux> in unit <kcpsm3>.
    Set user-defined property "INIT =  E4" for instance <pc_loop[8].value_select_mux> in unit <kcpsm3>.
    Set user-defined property "INIT =  0" for instance <pc_loop[8].register_bit> in unit <kcpsm3>.
    Set user-defined property "INIT =  E4" for instance <pc_loop[9].vector_select_mux> in unit <kcpsm3>.
    Set user-defined property "INIT =  E4" for instance <pc_loop[9].value_select_mux> in unit <kcpsm3>.
    Set user-defined property "INIT =  0" for instance <pc_loop[9].register_bit> in unit <kcpsm3>.
    Set user-defined property "INIT =  0145" for instance <register_type_lut> in unit <kcpsm3>.
    Set user-defined property "INIT =  0" for instance <register_write_flop> in unit <kcpsm3>.
    Set user-defined property "INIT =  8" for instance <register_enable_lut> in unit <kcpsm3>.
    Set user-defined property "INIT =  0000" for instance <reg_loop[0].register_bit> in unit <kcpsm3>.
    Set user-defined property "INIT =  E4" for instance <reg_loop[0].operand_select_mux> in unit <kcpsm3>.
    Set user-defined property "INIT =  0000" for instance <reg_loop[1].register_bit> in unit <kcpsm3>.
    Set user-defined property "INIT =  E4" for instance <reg_loop[1].operand_select_mux> in unit <kcpsm3>.
    Set user-defined property "INIT =  0000" for instance <reg_loop[2].register_bit> in unit <kcpsm3>.
    Set user-defined property "INIT =  E4" for instance <reg_loop[2].operand_select_mux> in unit <kcpsm3>.
    Set user-defined property "INIT =  0000" for instance <reg_loop[3].register_bit> in unit <kcpsm3>.
    Set user-defined property "INIT =  E4" for instance <reg_loop[3].operand_select_mux> in unit <kcpsm3>.
    Set user-defined property "INIT =  0000" for instance <reg_loop[4].register_bit> in unit <kcpsm3>.
    Set user-defined property "INIT =  E4" for instance <reg_loop[4].operand_select_mux> in unit <kcpsm3>.
    Set user-defined property "INIT =  0000" for instance <reg_loop[5].register_bit> in unit <kcpsm3>.
    Set user-defined property "INIT =  E4" for instance <reg_loop[5].operand_select_mux> in unit <kcpsm3>.
    Set user-defined property "INIT =  0000" for instance <reg_loop[6].register_bit> in unit <kcpsm3>.
    Set user-defined property "INIT =  E4" for instance <reg_loop[6].operand_select_mux> in unit <kcpsm3>.
    Set user-defined property "INIT =  0000" for instance <reg_loop[7].register_bit> in unit <kcpsm3>.
    Set user-defined property "INIT =  E4" for instance <reg_loop[7].operand_select_mux> in unit <kcpsm3>.
    Set user-defined property "INIT =  0400" for instance <memory_type_lut> in unit <kcpsm3>.
    Set user-defined property "INIT =  0" for instance <memory_write_flop> in unit <kcpsm3>.
    Set user-defined property "INIT =  8000" for instance <memory_enable_lut> in unit <kcpsm3>.
    Set user-defined property "INIT =  0000000000000000" for instance <store_loop[0].memory_bit> in unit <kcpsm3>.
    Set user-defined property "INIT =  0" for instance <store_loop[0].store_flop> in unit <kcpsm3>.
    Set user-defined property "INIT =  0000000000000000" for instance <store_loop[1].memory_bit> in unit <kcpsm3>.
    Set user-defined property "INIT =  0" for instance <store_loop[1].store_flop> in unit <kcpsm3>.
    Set user-defined property "INIT =  0000000000000000" for instance <store_loop[2].memory_bit> in unit <kcpsm3>.
    Set user-defined property "INIT =  0" for instance <store_loop[2].store_flop> in unit <kcpsm3>.
    Set user-defined property "INIT =  0000000000000000" for instance <store_loop[3].memory_bit> in unit <kcpsm3>.
    Set user-defined property "INIT =  0" for instance <store_loop[3].store_flop> in unit <kcpsm3>.
    Set user-defined property "INIT =  0000000000000000" for instance <store_loop[4].memory_bit> in unit <kcpsm3>.
    Set user-defined property "INIT =  0" for instance <store_loop[4].store_flop> in unit <kcpsm3>.
    Set user-defined property "INIT =  0000000000000000" for instance <store_loop[5].memory_bit> in unit <kcpsm3>.
    Set user-defined property "INIT =  0" for instance <store_loop[5].store_flop> in unit <kcpsm3>.
    Set user-defined property "INIT =  0000000000000000" for instance <store_loop[6].memory_bit> in unit <kcpsm3>.
    Set user-defined property "INIT =  0" for instance <store_loop[6].store_flop> in unit <kcpsm3>.
    Set user-defined property "INIT =  0000000000000000" for instance <store_loop[7].memory_bit> in unit <kcpsm3>.
    Set user-defined property "INIT =  0" for instance <store_loop[7].store_flop> in unit <kcpsm3>.
    Set user-defined property "INIT =  FFE2" for instance <sel_logical_lut> in unit <kcpsm3>.
    Set user-defined property "INIT =  6E8A" for instance <logical_loop[0].logical_lut> in unit <kcpsm3>.
    Set user-defined property "INIT =  0" for instance <logical_loop[0].logical_flop> in unit <kcpsm3>.
    Set user-defined property "INIT =  6E8A" for instance <logical_loop[1].logical_lut> in unit <kcpsm3>.
    Set user-defined property "INIT =  0" for instance <logical_loop[1].logical_flop> in unit <kcpsm3>.
    Set user-defined property "INIT =  6E8A" for instance <logical_loop[2].logical_lut> in unit <kcpsm3>.
    Set user-defined property "INIT =  0" for instance <logical_loop[2].logical_flop> in unit <kcpsm3>.
    Set user-defined property "INIT =  6E8A" for instance <logical_loop[3].logical_lut> in unit <kcpsm3>.
    Set user-defined property "INIT =  0" for instance <logical_loop[3].logical_flop> in unit <kcpsm3>.
    Set user-defined property "INIT =  6E8A" for instance <logical_loop[4].logical_lut> in unit <kcpsm3>.
    Set user-defined property "INIT =  0" for instance <logical_loop[4].logical_flop> in unit <kcpsm3>.
    Set user-defined property "INIT =  6E8A" for instance <logical_loop[5].logical_lut> in unit <kcpsm3>.
    Set user-defined property "INIT =  0" for instance <logical_loop[5].logical_flop> in unit <kcpsm3>.
    Set user-defined property "INIT =  6E8A" for instance <logical_loop[6].logical_lut> in unit <kcpsm3>.
    Set user-defined property "INIT =  0" for instance <logical_loop[6].logical_flop> in unit <kcpsm3>.
    Set user-defined property "INIT =  6E8A" for instance <logical_loop[7].logical_lut> in unit <kcpsm3>.
    Set user-defined property "INIT =  0" for instance <logical_loop[7].logical_flop> in unit <kcpsm3>.
    Set user-defined property "INIT =  E4" for instance <high_shift_in_lut> in unit <kcpsm3>.
    Set user-defined property "INIT =  E4" for instance <low_shift_in_lut> in unit <kcpsm3>.
    Set user-defined property "INIT =  E4" for instance <shift_carry_lut> in unit <kcpsm3>.
    Set user-defined property "INIT =  0" for instance <pipeline_bit> in unit <kcpsm3>.
    Set user-defined property "INIT =  E4" for instance <shift_loop[0].lsb_shift.shift_mux_lut> in unit <kcpsm3>.
    Set user-defined property "INIT =  0" for instance <shift_loop[0].shift_flop> in unit <kcpsm3>.
    Set user-defined property "INIT =  E4" for instance <shift_loop[1].mid_shift.shift_mux_lut> in unit <kcpsm3>.
    Set user-defined property "INIT =  0" for instance <shift_loop[1].shift_flop> in unit <kcpsm3>.
    Set user-defined property "INIT =  E4" for instance <shift_loop[2].mid_shift.shift_mux_lut> in unit <kcpsm3>.
    Set user-defined property "INIT =  0" for instance <shift_loop[2].shift_flop> in unit <kcpsm3>.
    Set user-defined property "INIT =  E4" for instance <shift_loop[3].mid_shift.shift_mux_lut> in unit <kcpsm3>.
    Set user-defined property "INIT =  0" for instance <shift_loop[3].shift_flop> in unit <kcpsm3>.
    Set user-defined property "INIT =  E4" for instance <shift_loop[4].mid_shift.shift_mux_lut> in unit <kcpsm3>.
    Set user-defined property "INIT =  0" for instance <shift_loop[4].shift_flop> in unit <kcpsm3>.
    Set user-defined property "INIT =  E4" for instance <shift_loop[5].mid_shift.shift_mux_lut> in unit <kcpsm3>.
    Set user-defined property "INIT =  0" for instance <shift_loop[5].shift_flop> in unit <kcpsm3>.
    Set user-defined property "INIT =  E4" for instance <shift_loop[6].mid_shift.shift_mux_lut> in unit <kcpsm3>.
    Set user-defined property "INIT =  0" for instance <shift_loop[6].shift_flop> in unit <kcpsm3>.
    Set user-defined property "INIT =  E4" for instance <shift_loop[7].msb_shift.shift_mux_lut> in unit <kcpsm3>.
    Set user-defined property "INIT =  0" for instance <shift_loop[7].shift_flop> in unit <kcpsm3>.
    Set user-defined property "INIT =  1F" for instance <sel_arith_lut> in unit <kcpsm3>.
    Set user-defined property "INIT =  6C" for instance <arith_loop[0].lsb_arith.arith_carry_in_lut> in unit <kcpsm3>.
    Set user-defined property "INIT =  96" for instance <arith_loop[0].arith_lut> in unit <kcpsm3>.
    Set user-defined property "INIT =  0" for instance <arith_loop[0].arith_flop> in unit <kcpsm3>.
    Set user-defined property "INIT =  96" for instance <arith_loop[1].arith_lut> in unit <kcpsm3>.
    Set user-defined property "INIT =  0" for instance <arith_loop[1].arith_flop> in unit <kcpsm3>.
    Set user-defined property "INIT =  96" for instance <arith_loop[2].arith_lut> in unit <kcpsm3>.
    Set user-defined property "INIT =  0" for instance <arith_loop[2].arith_flop> in unit <kcpsm3>.
    Set user-defined property "INIT =  96" for instance <arith_loop[3].arith_lut> in unit <kcpsm3>.
    Set user-defined property "INIT =  0" for instance <arith_loop[3].arith_flop> in unit <kcpsm3>.
    Set user-defined property "INIT =  96" for instance <arith_loop[4].arith_lut> in unit <kcpsm3>.
    Set user-defined property "INIT =  0" for instance <arith_loop[4].arith_flop> in unit <kcpsm3>.
    Set user-defined property "INIT =  96" for instance <arith_loop[5].arith_lut> in unit <kcpsm3>.
    Set user-defined property "INIT =  0" for instance <arith_loop[5].arith_flop> in unit <kcpsm3>.
    Set user-defined property "INIT =  96" for instance <arith_loop[6].arith_lut> in unit <kcpsm3>.
    Set user-defined property "INIT =  0" for instance <arith_loop[6].arith_flop> in unit <kcpsm3>.
WARNING:Xst:1961 - The length of the hex value for the attribute INIT on instance arith_loop[7].msb_arith.arith_carry_out_lut should be 2 bits long. The current value set is 4 bits long.  Value has been truncated
    Set user-defined property "INIT =  2" for instance <arith_loop[7].msb_arith.arith_carry_out_lut> in unit <kcpsm3>.
    Set user-defined property "INIT =  0" for instance <arith_loop[7].msb_arith.arith_carry_flop> in unit <kcpsm3>.
    Set user-defined property "INIT =  96" for instance <arith_loop[7].arith_lut> in unit <kcpsm3>.
    Set user-defined property "INIT =  0" for instance <arith_loop[7].arith_flop> in unit <kcpsm3>.
    Set user-defined property "INIT =  0002" for instance <input_fetch_type_lut> in unit <kcpsm3>.
    Set user-defined property "INIT =  0" for instance <sel_group_flop> in unit <kcpsm3>.
    Set user-defined property "INIT =  FE" for instance <alu_mux_loop[0].or_lut> in unit <kcpsm3>.
    Set user-defined property "INIT =  E4" for instance <alu_mux_loop[0].mux_lut> in unit <kcpsm3>.
    Set user-defined property "INIT =  FE" for instance <alu_mux_loop[1].or_lut> in unit <kcpsm3>.
    Set user-defined property "INIT =  E4" for instance <alu_mux_loop[1].mux_lut> in unit <kcpsm3>.
    Set user-defined property "INIT =  FE" for instance <alu_mux_loop[2].or_lut> in unit <kcpsm3>.
    Set user-defined property "INIT =  E4" for instance <alu_mux_loop[2].mux_lut> in unit <kcpsm3>.
    Set user-defined property "INIT =  FE" for instance <alu_mux_loop[3].or_lut> in unit <kcpsm3>.
    Set user-defined property "INIT =  E4" for instance <alu_mux_loop[3].mux_lut> in unit <kcpsm3>.
    Set user-defined property "INIT =  FE" for instance <alu_mux_loop[4].or_lut> in unit <kcpsm3>.
    Set user-defined property "INIT =  E4" for instance <alu_mux_loop[4].mux_lut> in unit <kcpsm3>.
    Set user-defined property "INIT =  FE" for instance <alu_mux_loop[5].or_lut> in unit <kcpsm3>.
    Set user-defined property "INIT =  E4" for instance <alu_mux_loop[5].mux_lut> in unit <kcpsm3>.
    Set user-defined property "INIT =  FE" for instance <alu_mux_loop[6].or_lut> in unit <kcpsm3>.
    Set user-defined property "INIT =  E4" for instance <alu_mux_loop[6].mux_lut> in unit <kcpsm3>.
    Set user-defined property "INIT =  FE" for instance <alu_mux_loop[7].or_lut> in unit <kcpsm3>.
    Set user-defined property "INIT =  E4" for instance <alu_mux_loop[7].mux_lut> in unit <kcpsm3>.
    Set user-defined property "INIT =  0010" for instance <io_decode_lut> in unit <kcpsm3>.
    Set user-defined property "INIT =  4000" for instance <write_active_lut> in unit <kcpsm3>.
    Set user-defined property "INIT =  0" for instance <write_strobe_flop> in unit <kcpsm3>.
    Set user-defined property "INIT =  0100" for instance <read_active_lut> in unit <kcpsm3>.
    Set user-defined property "INIT =  0" for instance <read_strobe_flop> in unit <kcpsm3>.
    Set user-defined property "INIT =  00000000" for instance <stack_ram_loop[0].stack_bit> in unit <kcpsm3>.
    Set user-defined property "INIT =  0" for instance <stack_ram_loop[0].stack_flop> in unit <kcpsm3>.
    Set user-defined property "INIT =  00000000" for instance <stack_ram_loop[1].stack_bit> in unit <kcpsm3>.
    Set user-defined property "INIT =  0" for instance <stack_ram_loop[1].stack_flop> in unit <kcpsm3>.
    Set user-defined property "INIT =  00000000" for instance <stack_ram_loop[2].stack_bit> in unit <kcpsm3>.
    Set user-defined property "INIT =  0" for instance <stack_ram_loop[2].stack_flop> in unit <kcpsm3>.
    Set user-defined property "INIT =  00000000" for instance <stack_ram_loop[3].stack_bit> in unit <kcpsm3>.
    Set user-defined property "INIT =  0" for instance <stack_ram_loop[3].stack_flop> in unit <kcpsm3>.
    Set user-defined property "INIT =  00000000" for instance <stack_ram_loop[4].stack_bit> in unit <kcpsm3>.
    Set user-defined property "INIT =  0" for instance <stack_ram_loop[4].stack_flop> in unit <kcpsm3>.
    Set user-defined property "INIT =  00000000" for instance <stack_ram_loop[5].stack_bit> in unit <kcpsm3>.
    Set user-defined property "INIT =  0" for instance <stack_ram_loop[5].stack_flop> in unit <kcpsm3>.
    Set user-defined property "INIT =  00000000" for instance <stack_ram_loop[6].stack_bit> in unit <kcpsm3>.
    Set user-defined property "INIT =  0" for instance <stack_ram_loop[6].stack_flop> in unit <kcpsm3>.
    Set user-defined property "INIT =  00000000" for instance <stack_ram_loop[7].stack_bit> in unit <kcpsm3>.
    Set user-defined property "INIT =  0" for instance <stack_ram_loop[7].stack_flop> in unit <kcpsm3>.
    Set user-defined property "INIT =  00000000" for instance <stack_ram_loop[8].stack_bit> in unit <kcpsm3>.
    Set user-defined property "INIT =  0" for instance <stack_ram_loop[8].stack_flop> in unit <kcpsm3>.
    Set user-defined property "INIT =  00000000" for instance <stack_ram_loop[9].stack_bit> in unit <kcpsm3>.
    Set user-defined property "INIT =  0" for instance <stack_ram_loop[9].stack_flop> in unit <kcpsm3>.
    Set user-defined property "INIT =  0" for instance <stack_count_loop[0].register_bit> in unit <kcpsm3>.
    Set user-defined property "INIT =  6555" for instance <stack_count_loop[0].lsb_stack_count.count_lut> in unit <kcpsm3>.
    Set user-defined property "INIT =  0" for instance <stack_count_loop[1].register_bit> in unit <kcpsm3>.
    Set user-defined property "INIT =  A999" for instance <stack_count_loop[1].mid_stack_count.count_lut> in unit <kcpsm3>.
    Set user-defined property "INIT =  0" for instance <stack_count_loop[2].register_bit> in unit <kcpsm3>.
    Set user-defined property "INIT =  A999" for instance <stack_count_loop[2].mid_stack_count.count_lut> in unit <kcpsm3>.
    Set user-defined property "INIT =  0" for instance <stack_count_loop[3].register_bit> in unit <kcpsm3>.
    Set user-defined property "INIT =  A999" for instance <stack_count_loop[3].mid_stack_count.count_lut> in unit <kcpsm3>.
    Set user-defined property "INIT =  0" for instance <stack_count_loop[4].register_bit> in unit <kcpsm3>.
    Set user-defined property "INIT =  A999" for instance <stack_count_loop[4].msb_stack_count.count_lut> in unit <kcpsm3>.
Entity <kcpsm3> analyzed. Unit <kcpsm3> generated.

Analyzing Entity <my_dcm> in library <work> (Architecture <behavioral>).
    Set user-defined property "CAPACITANCE =  DONT_CARE" for instance <CLKIN_IBUFG_INST> in unit <my_dcm>.
    Set user-defined property "IBUF_DELAY_VALUE =  0" for instance <CLKIN_IBUFG_INST> in unit <my_dcm>.
    Set user-defined property "IOSTANDARD =  DEFAULT" for instance <CLKIN_IBUFG_INST> in unit <my_dcm>.
    Set user-defined property "CLKDV_DIVIDE =  2.0000000000000000" for instance <DCM_SP_INST> in unit <my_dcm>.
    Set user-defined property "CLKFX_DIVIDE =  10" for instance <DCM_SP_INST> in unit <my_dcm>.
    Set user-defined property "CLKFX_MULTIPLY =  11" for instance <DCM_SP_INST> in unit <my_dcm>.
    Set user-defined property "CLKIN_DIVIDE_BY_2 =  FALSE" for instance <DCM_SP_INST> in unit <my_dcm>.
    Set user-defined property "CLKIN_PERIOD =  20.0000000000000000" for instance <DCM_SP_INST> in unit <my_dcm>.
    Set user-defined property "CLKOUT_PHASE_SHIFT =  NONE" for instance <DCM_SP_INST> in unit <my_dcm>.
    Set user-defined property "CLK_FEEDBACK =  1X" for instance <DCM_SP_INST> in unit <my_dcm>.
    Set user-defined property "DESKEW_ADJUST =  SYSTEM_SYNCHRONOUS" for instance <DCM_SP_INST> in unit <my_dcm>.
    Set user-defined property "DFS_FREQUENCY_MODE =  LOW" for instance <DCM_SP_INST> in unit <my_dcm>.
    Set user-defined property "DLL_FREQUENCY_MODE =  LOW" for instance <DCM_SP_INST> in unit <my_dcm>.
    Set user-defined property "DSS_MODE =  NONE" for instance <DCM_SP_INST> in unit <my_dcm>.
    Set user-defined property "DUTY_CYCLE_CORRECTION =  TRUE" for instance <DCM_SP_INST> in unit <my_dcm>.
    Set user-defined property "FACTORY_JF =  C080" for instance <DCM_SP_INST> in unit <my_dcm>.
    Set user-defined property "PHASE_SHIFT =  0" for instance <DCM_SP_INST> in unit <my_dcm>.
    Set user-defined property "STARTUP_WAIT =  FALSE" for instance <DCM_SP_INST> in unit <my_dcm>.
Entity <my_dcm> analyzed. Unit <my_dcm> generated.

Analyzing Entity <uart_tx> in library <work> (Architecture <macro_level_definition>).
Entity <uart_tx> analyzed. Unit <uart_tx> generated.

Analyzing Entity <kcuart_tx> in library <work> (Architecture <low_level_definition>).
    Set user-defined property "INIT =  E4FF" for instance <mux1_lut> in unit <kcuart_tx>.
    Set user-defined property "INIT =  E4FF" for instance <mux2_lut> in unit <kcuart_tx>.
    Set user-defined property "INIT =  E4FF" for instance <mux3_lut> in unit <kcuart_tx>.
    Set user-defined property "INIT =  E4FF" for instance <mux4_lut> in unit <kcuart_tx>.
    Set user-defined property "INIT =  0" for instance <pipeline_serial> in unit <kcuart_tx>.
    Set user-defined property "INIT =  0" for instance <count_width_loop[0].register_bit> in unit <kcuart_tx>.
    Set user-defined property "INIT =  8" for instance <count_width_loop[0].count_lut> in unit <kcuart_tx>.
    Set user-defined property "INIT =  0" for instance <count_width_loop[1].register_bit> in unit <kcuart_tx>.
    Set user-defined property "INIT =  8" for instance <count_width_loop[1].count_lut> in unit <kcuart_tx>.
    Set user-defined property "INIT =  0" for instance <count_width_loop[2].register_bit> in unit <kcuart_tx>.
    Set user-defined property "INIT =  8" for instance <count_width_loop[2].count_lut> in unit <kcuart_tx>.
    Set user-defined property "INIT =  10" for instance <ready_lut> in unit <kcuart_tx>.
    Set user-defined property "INIT =  0190" for instance <start_lut> in unit <kcuart_tx>.
    Set user-defined property "INIT =  0" for instance <Tx_start_reg> in unit <kcuart_tx>.
    Set user-defined property "INIT =  1540" for instance <run_lut> in unit <kcuart_tx>.
    Set user-defined property "INIT =  0" for instance <Tx_run_reg> in unit <kcuart_tx>.
    Set user-defined property "INIT =  94" for instance <hot_state_lut> in unit <kcuart_tx>.
    Set user-defined property "INIT =  0" for instance <hot_state_reg> in unit <kcuart_tx>.
    Set user-defined property "INIT =  0000" for instance <delay14_srl> in unit <kcuart_tx>.
    Set user-defined property "INIT =  0" for instance <Tx_bit_reg> in unit <kcuart_tx>.
    Set user-defined property "INIT =  0180" for instance <stop_lut> in unit <kcuart_tx>.
    Set user-defined property "INIT =  0" for instance <Tx_stop_reg> in unit <kcuart_tx>.
    Set user-defined property "INIT =  8" for instance <complete_lut> in unit <kcuart_tx>.
    Set user-defined property "INIT =  0" for instance <Tx_complete_reg> in unit <kcuart_tx>.
Entity <kcuart_tx> analyzed. Unit <kcuart_tx> generated.

Analyzing Entity <bbfifo_16x8> in library <work> (Architecture <low_level_definition>).
    Set user-defined property "INIT =  0000" for instance <data_width_loop[0].data_srl> in unit <bbfifo_16x8>.
    Set user-defined property "INIT =  0000" for instance <data_width_loop[1].data_srl> in unit <bbfifo_16x8>.
    Set user-defined property "INIT =  0000" for instance <data_width_loop[2].data_srl> in unit <bbfifo_16x8>.
    Set user-defined property "INIT =  0000" for instance <data_width_loop[3].data_srl> in unit <bbfifo_16x8>.
    Set user-defined property "INIT =  0000" for instance <data_width_loop[4].data_srl> in unit <bbfifo_16x8>.
    Set user-defined property "INIT =  0000" for instance <data_width_loop[5].data_srl> in unit <bbfifo_16x8>.
    Set user-defined property "INIT =  0000" for instance <data_width_loop[6].data_srl> in unit <bbfifo_16x8>.
    Set user-defined property "INIT =  0000" for instance <data_width_loop[7].data_srl> in unit <bbfifo_16x8>.
    Set user-defined property "INIT =  0" for instance <count_width_loop[0].register_bit> in unit <bbfifo_16x8>.
    Set user-defined property "INIT =  6606" for instance <count_width_loop[0].count_lut> in unit <bbfifo_16x8>.
    Set user-defined property "INIT =  0" for instance <count_width_loop[1].register_bit> in unit <bbfifo_16x8>.
    Set user-defined property "INIT =  6606" for instance <count_width_loop[1].count_lut> in unit <bbfifo_16x8>.
    Set user-defined property "INIT =  0" for instance <count_width_loop[2].register_bit> in unit <bbfifo_16x8>.
    Set user-defined property "INIT =  6606" for instance <count_width_loop[2].count_lut> in unit <bbfifo_16x8>.
    Set user-defined property "INIT =  0" for instance <count_width_loop[3].register_bit> in unit <bbfifo_16x8>.
    Set user-defined property "INIT =  6606" for instance <count_width_loop[3].count_lut> in unit <bbfifo_16x8>.
    Set user-defined property "INIT =  0001" for instance <zero_lut> in unit <bbfifo_16x8>.
    Set user-defined property "INIT =  8000" for instance <full_lut> in unit <bbfifo_16x8>.
    Set user-defined property "INIT =  BFA0" for instance <dp_lut> in unit <bbfifo_16x8>.
    Set user-defined property "INIT =  0" for instance <dp_flop> in unit <bbfifo_16x8>.
    Set user-defined property "INIT =  C4" for instance <valid_lut> in unit <bbfifo_16x8>.
Entity <bbfifo_16x8> analyzed. Unit <bbfifo_16x8> generated.

Analyzing Entity <uart_rx> in library <work> (Architecture <macro_level_definition>).
Entity <uart_rx> analyzed. Unit <uart_rx> generated.

Analyzing Entity <kcuart_rx> in library <work> (Architecture <low_level_definition>).
    Set user-defined property "INIT =  0" for instance <sync_reg> in unit <kcuart_rx>.
    Set user-defined property "INIT =  0" for instance <stop_reg> in unit <kcuart_rx>.
    Set user-defined property "INIT =  0000" for instance <data_loop[0].lsbs.delay15_srl> in unit <kcuart_rx>.
    Set user-defined property "INIT =  0" for instance <data_loop[0].data_reg> in unit <kcuart_rx>.
    Set user-defined property "INIT =  0000" for instance <data_loop[1].lsbs.delay15_srl> in unit <kcuart_rx>.
    Set user-defined property "INIT =  0" for instance <data_loop[1].data_reg> in unit <kcuart_rx>.
    Set user-defined property "INIT =  0000" for instance <data_loop[2].lsbs.delay15_srl> in unit <kcuart_rx>.
    Set user-defined property "INIT =  0" for instance <data_loop[2].data_reg> in unit <kcuart_rx>.
    Set user-defined property "INIT =  0000" for instance <data_loop[3].lsbs.delay15_srl> in unit <kcuart_rx>.
    Set user-defined property "INIT =  0" for instance <data_loop[3].data_reg> in unit <kcuart_rx>.
    Set user-defined property "INIT =  0000" for instance <data_loop[4].lsbs.delay15_srl> in unit <kcuart_rx>.
    Set user-defined property "INIT =  0" for instance <data_loop[4].data_reg> in unit <kcuart_rx>.
    Set user-defined property "INIT =  0000" for instance <data_loop[5].lsbs.delay15_srl> in unit <kcuart_rx>.
    Set user-defined property "INIT =  0" for instance <data_loop[5].data_reg> in unit <kcuart_rx>.
    Set user-defined property "INIT =  0000" for instance <data_loop[6].lsbs.delay15_srl> in unit <kcuart_rx>.
    Set user-defined property "INIT =  0" for instance <data_loop[6].data_reg> in unit <kcuart_rx>.
    Set user-defined property "INIT =  0000" for instance <data_loop[7].msb.delay15_srl> in unit <kcuart_rx>.
    Set user-defined property "INIT =  0" for instance <data_loop[7].data_reg> in unit <kcuart_rx>.
    Set user-defined property "INIT =  0000" for instance <start_srl> in unit <kcuart_rx>.
    Set user-defined property "INIT =  0" for instance <start_reg> in unit <kcuart_rx>.
    Set user-defined property "INIT =  0000" for instance <edge_srl> in unit <kcuart_rx>.
    Set user-defined property "INIT =  0" for instance <edge_reg> in unit <kcuart_rx>.
    Set user-defined property "INIT =  0040" for instance <valid_lut> in unit <kcuart_rx>.
    Set user-defined property "INIT =  0" for instance <valid_reg> in unit <kcuart_rx>.
    Set user-defined property "INIT =  54" for instance <purge_lut> in unit <kcuart_rx>.
    Set user-defined property "INIT =  0" for instance <purge_reg> in unit <kcuart_rx>.
    Set user-defined property "INIT =  0000" for instance <valid_loop[0].lsb.delay15_srl> in unit <kcuart_rx>.
    Set user-defined property "INIT =  0" for instance <valid_loop[0].data_reg> in unit <kcuart_rx>.
    Set user-defined property "INIT =  0000" for instance <valid_loop[1].msbs.delay16_srl> in unit <kcuart_rx>.
    Set user-defined property "INIT =  0" for instance <valid_loop[1].data_reg> in unit <kcuart_rx>.
    Set user-defined property "INIT =  0000" for instance <valid_loop[2].msbs.delay16_srl> in unit <kcuart_rx>.
    Set user-defined property "INIT =  0" for instance <valid_loop[2].data_reg> in unit <kcuart_rx>.
    Set user-defined property "INIT =  0000" for instance <valid_loop[3].msbs.delay16_srl> in unit <kcuart_rx>.
    Set user-defined property "INIT =  0" for instance <valid_loop[3].data_reg> in unit <kcuart_rx>.
    Set user-defined property "INIT =  0000" for instance <valid_loop[4].msbs.delay16_srl> in unit <kcuart_rx>.
    Set user-defined property "INIT =  0" for instance <valid_loop[4].data_reg> in unit <kcuart_rx>.
    Set user-defined property "INIT =  0000" for instance <valid_loop[5].msbs.delay16_srl> in unit <kcuart_rx>.
    Set user-defined property "INIT =  0" for instance <valid_loop[5].data_reg> in unit <kcuart_rx>.
    Set user-defined property "INIT =  0000" for instance <valid_loop[6].msbs.delay16_srl> in unit <kcuart_rx>.
    Set user-defined property "INIT =  0" for instance <valid_loop[6].data_reg> in unit <kcuart_rx>.
    Set user-defined property "INIT =  0000" for instance <valid_loop[7].msbs.delay16_srl> in unit <kcuart_rx>.
    Set user-defined property "INIT =  0" for instance <valid_loop[7].data_reg> in unit <kcuart_rx>.
    Set user-defined property "INIT =  0000" for instance <valid_loop[8].msbs.delay16_srl> in unit <kcuart_rx>.
    Set user-defined property "INIT =  0" for instance <valid_loop[8].data_reg> in unit <kcuart_rx>.
    Set user-defined property "INIT =  8" for instance <strobe_lut> in unit <kcuart_rx>.
    Set user-defined property "INIT =  0" for instance <strobe_reg> in unit <kcuart_rx>.
Entity <kcuart_rx> analyzed. Unit <kcuart_rx> generated.


=========================================================================
*                           HDL Synthesis                               *
=========================================================================

Performing bidirectional port resolution...

Synthesizing Unit <program>.
    Related source file is "E:/labsolutions/VHDL/lab3/program.vhd".
Unit <program> synthesized.


Synthesizing Unit <kcpsm3>.
    Related source file is "E:/labsolutions/VHDL/lab3/kcpsm3.vhd".
Unit <kcpsm3> synthesized.


Synthesizing Unit <my_dcm>.
    Related source file is "E:/labsolutions/VHDL/lab3/my_dcm.vhd".
Unit <my_dcm> synthesized.


Synthesizing Unit <kcuart_tx>.
    Related source file is "E:/labsolutions/VHDL/lab3/kcuart_tx.vhd".
Unit <kcuart_tx> synthesized.


Synthesizing Unit <bbfifo_16x8>.
    Related source file is "E:/labsolutions/VHDL/lab3/bbfifo_16x8.vhd".
Unit <bbfifo_16x8> synthesized.


Synthesizing Unit <kcuart_rx>.
    Related source file is "E:/labsolutions/VHDL/lab3/kcuart_rx.vhd".
Unit <kcuart_rx> synthesized.


Synthesizing Unit <uart_tx>.
    Related source file is "E:/labsolutions/VHDL/lab3/uart_tx.vhd".
Unit <uart_tx> synthesized.


Synthesizing Unit <uart_rx>.
    Related source file is "E:/labsolutions/VHDL/lab3/uart_rx.vhd".
Unit <uart_rx> synthesized.


Synthesizing Unit <loopback>.
    Related source file is "E:/labsolutions/VHDL/lab3/loopback.vhd".
WARNING:Xst:653 - Signal <buffer_full> is used but never assigned. This sourceless signal will be automatically connected to value 0.
    Found 8-bit register for signal <leds>.
    Found 9-bit up counter for signal <baud_count>.
    Found 1-bit register for signal <en_16_x_baud>.
    Found 8-bit register for signal <in_port>.
    Found 1-bit register for signal <read_from_uart>.
    Summary:
	inferred   1 Counter(s).
	inferred  18 D-type flip-flop(s).
Unit <loopback> synthesized.


=========================================================================
HDL Synthesis Report

Macro Statistics
# Counters                                             : 1
 9-bit up counter                                      : 1
# Registers                                            : 4
 1-bit register                                        : 2
 8-bit register                                        : 2

=========================================================================

=========================================================================
*                       Advanced HDL Synthesis                          *
=========================================================================

Loading device for application Rf_Device from file '3s500e.nph' in environment C:\Xilinx\10.1\ISE.

=========================================================================
Advanced HDL Synthesis Report

Macro Statistics
# Counters                                             : 1
 9-bit up counter                                      : 1
# Registers                                            : 138
 Flip-Flops                                            : 138

=========================================================================

=========================================================================
*                         Low Level Synthesis                           *
=========================================================================

Optimizing unit <loopback> ...

Optimizing unit <kcpsm3> ...

Optimizing unit <kcuart_tx> ...

Optimizing unit <bbfifo_16x8> ...

Optimizing unit <kcuart_rx> ...

Mapping all equations...
Building and optimizing final netlist ...
Found area constraint ratio of 100 (+ 5) on block loopback, actual ratio is 3.

Final Macro Processing ...

=========================================================================
Final Register Report

Macro Statistics
# Registers                                            : 147
 Flip-Flops                                            : 147

=========================================================================

=========================================================================
*                           Partition Report                             *
=========================================================================

Partition Implementation Status
-------------------------------

  No Partitions were found in this design.

-------------------------------

=========================================================================
*                            Final Report                               *
=========================================================================
Final Results
RTL Top Level Output File Name     : loopback.ngr
Top Level Output File Name         : loopback
Output Format                      : NGC
Optimization Goal                  : Speed
Keep Hierarchy                     : NO

Design Statistics
# IOs                              : 21

Cell Usage :
# BELS                             : 326
#      GND                         : 1
#      INV                         : 7
#      LUT1                        : 10
#      LUT2                        : 19
#      LUT2_L                      : 2
#      LUT3                        : 75
#      LUT3_D                      : 1
#      LUT4                        : 76
#      LUT4_L                      : 7
#      MULT_AND                    : 3
#      MUXCY                       : 56
#      MUXF5                       : 11
#      MUXF6                       : 1
#      VCC                         : 1
#      XORCY                       : 56
# FlipFlops/Latches                : 147
#      FD                          : 28
#      FDC                         : 10
#      FDE                         : 28
#      FDR                         : 41
#      FDRE                        : 27
#      FDRS                        : 1
#      FDRSE                       : 10
#      FDS                         : 2
# RAMS                             : 27
#      RAM16X1D                    : 8
#      RAM32X1S                    : 10
#      RAM64X1S                    : 8
#      RAMB16_S18                  : 1
# Shift Registers                  : 36
#      SRL16E                      : 36
# Clock Buffers                    : 2
#      BUFG                        : 2
# IO Buffers                       : 21
#      IBUF                        : 10
#      IBUFG                       : 1
#      OBUF                        : 10
# DCMs                             : 1
#      DCM_SP                      : 1
=========================================================================

Device utilization summary:
---------------------------

Selected Device : 3s500epq208-4 

 Number of Slices:                      161  out of   4656     3%  
 Number of Slice Flip Flops:            147  out of   9312     1%  
 Number of 4 input LUTs:                301  out of   9312     3%  
    Number used as logic:               197
    Number used as Shift registers:      36
    Number used as RAMs:                 68
 Number of IOs:                          21
 Number of bonded IOBs:                  21  out of    158    13%  
 Number of BRAMs:                         1  out of     20     5%  
 Number of GCLKs:                         2  out of     24     8%  
 Number of DCMs:                          1  out of      4    25%  

---------------------------
Partition Resource Summary:
---------------------------

  No Partitions were found in this design.

---------------------------


=========================================================================
TIMING REPORT

NOTE: THESE TIMING NUMBERS ARE ONLY A SYNTHESIS ESTIMATE.
      FOR ACCURATE TIMING INFORMATION PLEASE REFER TO THE TRACE REPORT
      GENERATED AFTER PLACE-and-ROUTE.

Clock Information:
------------------
-----------------------------------+------------------------+-------+
Clock Signal                       | Clock buffer(FF name)  | Load  |
-----------------------------------+------------------------+-------+
Inst_my_dcm/CLKFX_BUF              | BUFG                   | 209   |
-----------------------------------+------------------------+-------+

Asynchronous Control Signals Information:
----------------------------------------
-----------------------------------+------------------------+-------+
Control Signal                     | Buffer(FF name)        | Load  |
-----------------------------------+------------------------+-------+
rst(rst1_INV_0:O)                  | NONE(baud_count_3)     | 10    |
-----------------------------------+------------------------+-------+

Timing Summary:
---------------
Speed Grade: -4

   Minimum period: 8.157ns (Maximum Frequency: 122.600MHz)
   Minimum input arrival time before clock: 5.183ns
   Maximum output required time after clock: 4.283ns
   Maximum combinational path delay: 3.692ns

Timing Detail:
--------------
All values displayed in nanoseconds (ns)

=========================================================================
Timing constraint: Default period analysis for Clock 'Inst_my_dcm/CLKFX_BUF'
  Clock period: 8.157ns (frequency: 122.600MHz)
  Total number of paths / destination ports: 2017 / 532
-------------------------------------------------------------------------
Delay:               8.157ns (Levels of Logic = 7)
  Source:            my_kcpsm3/reg_loop[0].register_bit (RAM)
  Destination:       transmit/buf/count_width_loop[3].register_bit (FF)
  Source Clock:      Inst_my_dcm/CLKFX_BUF rising
  Destination Clock: Inst_my_dcm/CLKFX_BUF rising

  Data Path: my_kcpsm3/reg_loop[0].register_bit to transmit/buf/count_width_loop[3].register_bit
                                Gate     Net
    Cell:in->out      fanout   Delay   Delay  Logical Name (Net Name)
    ----------------------------------------  ------------
     RAM16X1D:WCLK->DPO    1   1.901   0.455  my_kcpsm3/reg_loop[0].register_bit (my_kcpsm3/sy<0>)
     LUT3:I2->O           84   0.704   1.358  my_kcpsm3/reg_loop[0].operand_select_mux (port_id<0>)
     LUT3_D:I1->O          5   0.704   0.637  write_to_uart1 (write_to_uart)
     LUT4:I3->O            1   0.704   0.000  transmit/buf/count_width_loop[0].count_lut (transmit/buf/half_count<0>)
     MUXCY:S->O            1   0.464   0.000  transmit/buf/count_width_loop[0].lsb_count.count_muxcy (transmit/buf/count_carry<0>)
     MUXCY:CI->O           1   0.059   0.000  transmit/buf/count_width_loop[1].mid_count.count_muxcy (transmit/buf/count_carry<1>)
     MUXCY:CI->O           0   0.059   0.000  transmit/buf/count_width_loop[2].mid_count.count_muxcy (transmit/buf/count_carry<2>)
     XORCY:CI->O           1   0.804   0.000  transmit/buf/count_width_loop[3].upper_count.count_xor (transmit/buf/next_count<3>)
     FDRE:D                    0.308          transmit/buf/count_width_loop[3].register_bit
    ----------------------------------------
    Total                      8.157ns (5.707ns logic, 2.450ns route)
                                       (70.0% logic, 30.0% route)

=========================================================================
Timing constraint: Default OFFSET IN BEFORE for Clock 'Inst_my_dcm/CLKFX_BUF'
  Total number of paths / destination ports: 45 / 37
-------------------------------------------------------------------------
Offset:              5.183ns (Levels of Logic = 4)
  Source:            switches<0> (PAD)
  Destination:       in_port_0 (FF)
  Destination Clock: Inst_my_dcm/CLKFX_BUF rising

  Data Path: switches<0> to in_port_0
                                Gate     Net
    Cell:in->out      fanout   Delay   Delay  Logical Name (Net Name)
    ----------------------------------------  ------------
     IBUF:I->O             1   1.218   0.595  switches_0_IBUF (switches_0_IBUF)
     LUT4:I0->O            2   0.704   0.451  in_port_mux0002<0>_SW0 (N4)
     LUT4:I3->O            1   0.704   0.499  in_port_mux0002<0>_SW1_SW1 (N31)
     LUT4:I1->O            1   0.704   0.000  in_port_mux0002<0> (in_port_mux0002<0>)
     FDR:D                     0.308          in_port_0
    ----------------------------------------
    Total                      5.183ns (3.638ns logic, 1.545ns route)
                                       (70.2% logic, 29.8% route)

=========================================================================
Timing constraint: Default OFFSET OUT AFTER for Clock 'Inst_my_dcm/CLKFX_BUF'
  Total number of paths / destination ports: 9 / 9
-------------------------------------------------------------------------
Offset:              4.283ns (Levels of Logic = 1)
  Source:            transmit/kcuart/pipeline_serial (FF)
  Destination:       rs232_tx (PAD)
  Source Clock:      Inst_my_dcm/CLKFX_BUF rising

  Data Path: transmit/kcuart/pipeline_serial to rs232_tx
                                Gate     Net
    Cell:in->out      fanout   Delay   Delay  Logical Name (Net Name)
    ----------------------------------------  ------------
     FDRS:C->Q             1   0.591   0.420  transmit/kcuart/pipeline_serial (rs232_tx_OBUF)
     OBUF:I->O                 3.272          rs232_tx_OBUF (rs232_tx)
    ----------------------------------------
    Total                      4.283ns (3.863ns logic, 0.420ns route)
                                       (90.2% logic, 9.8% route)

=========================================================================
Timing constraint: Default path analysis
  Total number of paths / destination ports: 4 / 4
-------------------------------------------------------------------------
Delay:               3.692ns (Levels of Logic = 1)
  Source:            Inst_my_dcm/DCM_SP_INST:LOCKED (PAD)
  Destination:       lock (PAD)

  Data Path: Inst_my_dcm/DCM_SP_INST:LOCKED to lock
                                Gate     Net
    Cell:in->out      fanout   Delay   Delay  Logical Name (Net Name)
    ----------------------------------------  ------------
    DCM_SP:LOCKED          1   0.000   0.420  Inst_my_dcm/DCM_SP_INST (lock_OBUF)
     OBUF:I->O                 3.272          lock_OBUF (lock)
    ----------------------------------------
    Total                      3.692ns (3.272ns logic, 0.420ns route)
                                       (88.6% logic, 11.4% route)

=========================================================================


Total REAL time to Xst completion: 7.00 secs
Total CPU time to Xst completion: 6.63 secs
 
--> 

Total memory usage is 169328 kilobytes

Number of errors   :    0 (   0 filtered)
Number of warnings :  132 (   0 filtered)
Number of infos    :    0 (   0 filtered)

