Release 10.1 Map K.31 (nt)
Xilinx Mapping Report File for Design 'loopback'

Design Information
------------------
Command Line   : map -ise E:/labsolutions/VHDL/lab3/time_const/time_const.ise
-intstyle ise -p xc3s500e-pq208-4 -cm area -pr off -k 4 -c 100 -o
loopback_map.ncd loopback.ngd loopback.pcf 
Target Device  : xc3s500e
Target Package : pq208
Target Speed   : -4
Mapper Version : spartan3e -- $Revision: 1.46 $
Mapped Date    : Sun Feb 28 13:42:13 2010

Design Summary
--------------
Number of errors:      0
Number of warnings:    1
Logic Utilization:
  Number of Slice Flip Flops:           141 out of   9,312    1%
  Number of 4 input LUTs:               281 out of   9,312    3%
Logic Distribution:
  Number of occupied Slices:            162 out of   4,656    3%
    Number of Slices containing only related logic:     162 out of     162 100%
    Number of Slices containing unrelated logic:          0 out of     162   0%
      *See NOTES below for an explanation of the effects of unrelated logic.
  Total Number of 4 input LUTs:         291 out of   9,312    3%
    Number used as logic:               177
    Number used as a route-thru:         10
    Number used for Dual Port RAMs:      16
      (Two LUTs used per Dual Port RAM)
    Number used for 32x1 RAMs:           52
      (Two LUTs used per 32x1 RAM)
    Number used as Shift registers:      36
  Number of bonded IOBs:                 21 out of     158   13%
  Number of RAMB16s:                      1 out of      20    5%
  Number of BUFGMUXs:                     2 out of      24    8%
  Number of DCMs:                         1 out of       4   25%

Peak Memory Usage:  157 MB
Total REAL time to MAP completion:  17 secs 
Total CPU time to MAP completion:   4 secs 

NOTES:

   Related logic is defined as being logic that shares connectivity - e.g. two
   LUTs are "related" if they share common inputs.  When assembling slices,
   Map gives priority to combine logic that is related.  Doing so results in
   the best timing performance.

   Unrelated logic shares no connectivity.  Map will only begin packing
   unrelated logic into a slice once 99% of the slices are occupied through
   related logic packing.

   Note that once logic distribution reaches the 99% level through related
   logic packing, this does not mean the device is completely utilized.
   Unrelated logic packing will then begin, continuing until all usable LUTs
   and FFs are occupied.  Depending on your timing budget, increased levels of
   unrelated logic packing may adversely affect the overall timing performance
   of your design.

Table of Contents
-----------------
Section 1 - Errors
Section 2 - Warnings
Section 3 - Informational
Section 4 - Removed Logic Summary
Section 5 - Removed Logic
Section 6 - IOB Properties
Section 7 - RPMs
Section 8 - Guide Report
Section 9 - Area Group and Partition Summary
Section 10 - Modular Design Summary
Section 11 - Timing Report
Section 12 - Configuration String Information
Section 13 - Control Set Information
Section 14 - Utilization by Hierarchy

Section 1 - Errors
------------------

Section 2 - Warnings
--------------------
WARNING:PhysDesignRules:781 - PULLUP on an active net. PULLUP of comp rs232_tx
   is set but the tri state is not configured. 

Section 3 - Informational
-------------------------
INFO:MapLib:562 - No environment variables are currently set.
INFO:LIT:244 - All of the single ended outputs in this design are using slew
   rate limited output drivers. The delay on speed critical single ended outputs
   can be dramatically reduced by designating them as fast outputs.
INFO:PhysDesignRules:772 - To achieve optimal frequency synthesis performance
   with the CLKFX and CLKFX180 outputs of the DCM comp Inst_my_dcm/DCM_SP_INST,
   consult the device Interactive Data Sheet.

Section 4 - Removed Logic Summary
---------------------------------
   5 block(s) removed
   9 block(s) optimized away
   7 signal(s) removed

Section 5 - Removed Logic
-------------------------

The trimmed logic reported below is either:
   1. part of a cycle
   2. part of disabled logic
   3. a side-effect of other trimmed logic

The signal "my_kcpsm3/int_enable" is unused and has been removed.
 Unused block "my_kcpsm3/int_enable_flop" (SFF) removed.
  The signal "my_kcpsm3/int_update_enable" is unused and has been removed.
   Unused block "my_kcpsm3/int_update_lut" (ROM) removed.
  The signal "my_kcpsm3/int_enable_value" is unused and has been removed.
   Unused block "my_kcpsm3/int_value_lut" (ROM) removed.
    The signal "my_kcpsm3/interrupt_ack" is unused and has been removed.
     Unused block "my_kcpsm3/ack_flop" (FF) removed.
The signal "my_kcpsm3/int_pulse" is unused and has been removed.
The signal "my_kcpsm3/not_active_interrupt" is unused and has been removed.
The signal "my_kcpsm3/sel_shadow_carry" is unused and has been removed.
 Unused block "my_kcpsm3/sel_shadow_carry_lut" (ROM) removed.

Optimized Block(s):
TYPE 		BLOCK
GND 		XST_GND
VCC 		XST_VCC
FDR 		my_kcpsm3/int_capture_flop
   optimized to 0
FDR 		my_kcpsm3/int_flop
   optimized to 0
LUT4 		my_kcpsm3/int_pulse_lut
FDE 		my_kcpsm3/shadow_carry_flop
   optimized to 0
FDE 		my_kcpsm3/shadow_zero_flop
   optimized to 0
INV 		my_kcpsm3/stack_count_inv
MUXCY 		my_kcpsm3/sel_shadow_muxcy

To enable printing of redundant blocks removed and signals merged, set the
detailed map report option and rerun map.

Section 6 - IOB Properties
--------------------------

+----------------------------------------------------------------------------------------------------------------------------------------+
| IOB Name                           | Type             | Direction | IO Standard | Drive    | Slew | Reg (s)      | Resistor | IOB      |
|                                    |                  |           |             | Strength | Rate |              |          | Delay    |
+----------------------------------------------------------------------------------------------------------------------------------------+
| clk                                | IBUF             | INPUT     | LVCMOS33    |          |      |              |          | 0 / 0    |
| leds<0>                            | IOB              | OUTPUT    | LVTTL       | 8        | SLOW |              |          | 0 / 0    |
| leds<1>                            | IOB              | OUTPUT    | LVTTL       | 8        | SLOW |              |          | 0 / 0    |
| leds<2>                            | IOB              | OUTPUT    | LVTTL       | 8        | SLOW |              |          | 0 / 0    |
| leds<3>                            | IOB              | OUTPUT    | LVTTL       | 8        | SLOW |              |          | 0 / 0    |
| leds<4>                            | IOB              | OUTPUT    | LVTTL       | 8        | SLOW |              |          | 0 / 0    |
| leds<5>                            | IOB              | OUTPUT    | LVTTL       | 8        | SLOW |              |          | 0 / 0    |
| leds<6>                            | IOB              | OUTPUT    | LVTTL       | 8        | SLOW |              |          | 0 / 0    |
| leds<7>                            | IOB              | OUTPUT    | LVTTL       | 8        | SLOW |              |          | 0 / 0    |
| lock                               | IOB              | OUTPUT    | LVCMOS25    | 12       | SLOW |              |          | 0 / 0    |
| rs232_rx                           | IBUF             | INPUT     | LVTTL       |          |      |              |          | 0 / 0    |
| rs232_tx                           | IOB              | OUTPUT    | LVTTL       | 12       | SLOW |              | PULLUP   | 0 / 0    |
| rst                                | IBUF             | INPUT     | LVTTL       |          |      |              | PULLDOWN | 0 / 0    |
| switches<0>                        | IBUF             | INPUT     | LVTTL       |          |      |              | PULLUP   | 0 / 0    |
| switches<1>                        | IBUF             | INPUT     | LVTTL       |          |      |              | PULLUP   | 0 / 0    |
| switches<2>                        | IBUF             | INPUT     | LVTTL       |          |      |              | PULLUP   | 0 / 0    |
| switches<3>                        | IBUF             | INPUT     | LVTTL       |          |      |              |          | 0 / 0    |
| switches<4>                        | IBUF             | INPUT     | LVTTL       |          |      |              |          | 0 / 0    |
| switches<5>                        | IBUF             | INPUT     | LVTTL       |          |      |              |          | 0 / 0    |
| switches<6>                        | IBUF             | INPUT     | LVTTL       |          |      |              |          | 0 / 0    |
| switches<7>                        | IBUF             | INPUT     | LVCMOS25    |          |      |              |          | 0 / 0    |
+----------------------------------------------------------------------------------------------------------------------------------------+

Section 7 - RPMs
----------------

Section 8 - Guide Report
------------------------
Guide not run on this design.

Section 9 - Area Group and Partition Summary
--------------------------------------------

Partition Implementation Status
-------------------------------

  No Partitions were found in this design.

-------------------------------

Area Group Information
----------------------

  No area groups were found in this design.

----------------------

Section 10 - Modular Design Summary
-----------------------------------
Modular Design not used for this design.

Section 11 - Timing Report
--------------------------
This design was not run using timing mode.

Section 12 - Configuration String Details
-----------------------------------------
Use the "-detail" map option to print out Configuration Strings

Section 13 - Control Set Information
------------------------------------
No control set information for this architecture.

Section 14 - Utilization by Hierarchy
-------------------------------------
+-------------------------------------------------------------------------------------------------------------------------------------------------------------------+
| Module             | Partition | Slices        | Slice Reg     | LUTs          | LUTRAM        | BRAM      | MULT18X18 | BUFG  | DCM   | Full Hierarchical Name   |
+-------------------------------------------------------------------------------------------------------------------------------------------------------------------+
| loopback/          |           | 77/211        | 27/141        | 53/291        | 0/104         | 0/1       | 0/0       | 0/2   | 0/1   | loopback                 |
| +Inst_my_dcm       |           | 0/0           | 0/0           | 0/0           | 0/0           | 0/0       | 0/0       | 2/2   | 1/1   | loopback/Inst_my_dcm     |
| +my_kcpsm3         |           | 92/92         | 70/70         | 170/170       | 68/68         | 0/0       | 0/0       | 0/0   | 0/0   | loopback/my_kcpsm3       |
| +my_program        |           | 0/0           | 0/0           | 0/0           | 0/0           | 1/1       | 0/0       | 0/0   | 0/0   | loopback/my_program      |
| +receive           |           | 0/23          | 0/29          | 0/38          | 0/27          | 0/0       | 0/0       | 0/0   | 0/0   | loopback/receive         |
| ++buf              |           | 8/8           | 5/5           | 16/16         | 8/8           | 0/0       | 0/0       | 0/0   | 0/0   | loopback/receive/buf     |
| ++kcuart           |           | 15/15         | 24/24         | 22/22         | 19/19         | 0/0       | 0/0       | 0/0   | 0/0   | loopback/receive/kcuart  |
| +transmit          |           | 0/19          | 0/15          | 0/30          | 0/9           | 0/0       | 0/0       | 0/0   | 0/0   | loopback/transmit        |
| ++buf              |           | 9/9           | 5/5           | 16/16         | 8/8           | 0/0       | 0/0       | 0/0   | 0/0   | loopback/transmit/buf    |
| ++kcuart           |           | 10/10         | 10/10         | 14/14         | 1/1           | 0/0       | 0/0       | 0/0   | 0/0   | loopback/transmit/kcuart |
+-------------------------------------------------------------------------------------------------------------------------------------------------------------------+

* Slices can be packed with basic elements from multiple hierarchies.
  Therefore, a slice will be counted in every hierarchical module
  that each of its packed basic elements belong to.
** For each column, there are two numbers reported <A>/<B>.
   <A> is the number of elements that belong to that specific hierarchical module.
   <B> is the total number of elements from that hierarchical module and any lower level
   hierarchical modules below.
*** The LUTRAM column counts all LUTs used as memory including RAM, ROM, and shift registers.
