Release 10.1 Map K.31 (nt)
Xilinx Mapping Report File for Design 'loopback'

Design Information
------------------
Command Line   : map -ise E:/labsolutions/VHDL/lab6/chipscope/chipscope.ise
-intstyle ise -p xc3s500e-pq208-4 -cm area -pr off -k 4 -c 100 -o
loopback_map.ncd loopback.ngd loopback.pcf 
Target Device  : xc3s500e
Target Package : pq208
Target Speed   : -4
Mapper Version : spartan3e -- $Revision: 1.46 $
Mapped Date    : Fri Mar 26 17:13:35 2010

Design Summary
--------------
Number of errors:      0
Number of warnings:    3
Logic Utilization:
  Number of Slice Flip Flops:           356 out of   9,312    3%
  Number of 4 input LUTs:               506 out of   9,312    5%
Logic Distribution:
  Number of occupied Slices:            400 out of   4,656    8%
    Number of Slices containing only related logic:     400 out of     400 100%
    Number of Slices containing unrelated logic:          0 out of     400   0%
      *See NOTES below for an explanation of the effects of unrelated logic.
  Total Number of 4 input LUTs:         567 out of   9,312    6%
    Number used as logic:               335
    Number used as a route-thru:         61
    Number used for Dual Port RAMs:      16
      (Two LUTs used per Dual Port RAM)
    Number used for 32x1 RAMs:           52
      (Two LUTs used per 32x1 RAM)
    Number used as Shift registers:     103
  Number of bonded IOBs:                 21 out of     158   13%
  Number of RAMB16s:                      2 out of      20   10%
  Number of BUFGMUXs:                     3 out of      24   12%
  Number of DCMs:                         1 out of       4   25%
  Number of BSCANs:                       1 out of       1  100%

  Number of RPM macros:           14
Peak Memory Usage:  160 MB
Total REAL time to MAP completion:  3 secs 
Total CPU time to MAP completion:   2 secs 

NOTES:

   Related logic is defined as being logic that shares connectivity - e.g. two
   LUTs are "related" if they share common inputs.  When assembling slices,
   Map gives priority to combine logic that is related.  Doing so results in
   the best timing performance.

   Unrelated logic shares no connectivity.  Map will only begin packing
   unrelated logic into a slice once 99% of the slices are occupied through
   related logic packing.

   Note that once logic distribution reaches the 99% level through related
   logic packing, this does not mean the device is completely utilized.
   Unrelated logic packing will then begin, continuing until all usable LUTs
   and FFs are occupied.  Depending on your timing budget, increased levels of
   unrelated logic packing may adversely affect the overall timing performance
   of your design.

Table of Contents
-----------------
Section 1 - Errors
Section 2 - Warnings
Section 3 - Informational
Section 4 - Removed Logic Summary
Section 5 - Removed Logic
Section 6 - IOB Properties
Section 7 - RPMs
Section 8 - Guide Report
Section 9 - Area Group and Partition Summary
Section 10 - Modular Design Summary
Section 11 - Timing Report
Section 12 - Configuration String Information
Section 13 - Control Set Information
Section 14 - Utilization by Hierarchy

Section 1 - Errors
------------------

Section 2 - Warnings
--------------------
WARNING:LIT:176 - Clock buffer is designated to drive clock loads. BUFGMUX
   symbol
   "physical_group_icon_control0<0>/U_icon_pro/U0/U_ICON/I_YES_BSCAN.U_BS/I_BUFG
   .U_BUFG" (output signal=icon_control0<0>) has a mix of clock and non-clock
   loads. The non-clock loads are:
   Pin I2 of U_ila_pro_0/U0/I_YES_D.U_ILA/U_STAT/iSTAT<15>_wg_lut<7>
WARNING:PhysDesignRules:367 - The signal
   <U_ila_pro_0/U0/I_YES_D.U_ILA/U_STAT/iSTAT<15>_wg_lut<7>> is incomplete. The
   signal does not drive any load pins in the design.
WARNING:PhysDesignRules:781 - PULLUP on an active net. PULLUP of comp rs232_tx
   is set but the tri state is not configured. 

Section 3 - Informational
-------------------------
INFO:MapLib:562 - No environment variables are currently set.
INFO:MapLib:986 - The SAVE constraint for nets has been made more strict
   starting in 10.1, such that the net driver and load blocks will be preserved
   as well. To revert to the original behavior please set XIL_MAP_OLD_SAVE.
INFO:MapLib:984 - SAVE has been detected on the following signal(s):
   icon_control0<0>,
   U_icon_pro/U0/iSHIFT_OUT,
   U_icon_pro/U0/iUPDATE_OUT,
   U_icon_pro/U0/U_ICON/I_YES_BSCAN.U_BS/iDRCK_LOCAL.
INFO:LIT:244 - All of the single ended outputs in this design are using slew
   rate limited output drivers. The delay on speed critical single ended outputs
   can be dramatically reduced by designating them as fast outputs.
INFO:PhysDesignRules:772 - To achieve optimal frequency synthesis performance
   with the CLKFX and CLKFX180 outputs of the DCM comp Inst_my_dcm/DCM_SP_INST,
   consult the device Interactive Data Sheet.

Section 4 - Removed Logic Summary
---------------------------------
  60 block(s) removed
  54 block(s) optimized away
  45 signal(s) removed

Section 5 - Removed Logic
-------------------------

The trimmed logic report below shows the logic removed from your design due to
sourceless or loadless signals, and VCC or ground connections.  If the removal
of a signal or symbol results in the subsequent removal of an additional signal
or symbol, the message explaining that second removal will be indented.  This
indentation will be repeated as a chain of related logic is removed.

To quickly locate the original cause for the removal of a chain of logic, look
above the place where that logic is listed in the trimming report, then locate
the lines that are least indented (begin at the leftmost edge).

Loadless block "U_icon_pro/U0/U_ICON/U_CMD/U_CORE_ID_SEL/I4.FI[10].U_LUT" (ROM)
removed.
Loadless block "U_icon_pro/U0/U_ICON/U_CMD/U_CORE_ID_SEL/I4.FI[11].U_LUT" (ROM)
removed.
Loadless block "U_icon_pro/U0/U_ICON/U_CMD/U_CORE_ID_SEL/I4.FI[12].U_LUT" (ROM)
removed.
Loadless block "U_icon_pro/U0/U_ICON/U_CMD/U_CORE_ID_SEL/I4.FI[13].U_LUT" (ROM)
removed.
Loadless block "U_icon_pro/U0/U_ICON/U_CMD/U_CORE_ID_SEL/I4.FI[14].U_LUT" (ROM)
removed.
Loadless block "U_icon_pro/U0/U_ICON/U_CMD/U_CORE_ID_SEL/I4.FI[1].U_LUT" (ROM)
removed.
Loadless block "U_icon_pro/U0/U_ICON/U_CMD/U_CORE_ID_SEL/I4.FI[2].U_LUT" (ROM)
removed.
Loadless block "U_icon_pro/U0/U_ICON/U_CMD/U_CORE_ID_SEL/I4.FI[3].U_LUT" (ROM)
removed.
Loadless block "U_icon_pro/U0/U_ICON/U_CMD/U_CORE_ID_SEL/I4.FI[4].U_LUT" (ROM)
removed.
Loadless block "U_icon_pro/U0/U_ICON/U_CMD/U_CORE_ID_SEL/I4.FI[5].U_LUT" (ROM)
removed.
Loadless block "U_icon_pro/U0/U_ICON/U_CMD/U_CORE_ID_SEL/I4.FI[6].U_LUT" (ROM)
removed.
Loadless block "U_icon_pro/U0/U_ICON/U_CMD/U_CORE_ID_SEL/I4.FI[7].U_LUT" (ROM)
removed.
Loadless block "U_icon_pro/U0/U_ICON/U_CMD/U_CORE_ID_SEL/I4.FI[8].U_LUT" (ROM)
removed.
Loadless block "U_icon_pro/U0/U_ICON/U_CMD/U_CORE_ID_SEL/I4.FI[9].U_LUT" (ROM)
removed.
Loadless block "U_ila_pro_0/U0/I_YES_D.U_ILA/U_STAT/U_DSR" (ROM) removed.
Loadless block "U_ila_pro_0/U0/I_YES_D.U_ILA/U_TRIG/U_TC/I_STORAGE_QUAL.U_CAP_B"
(ROM) removed.
The signal "icon_control0<10>" is sourceless and has been removed.
 Sourceless block "U_ila_pro_0/U0/I_YES_D.U_ILA/U_STAT/iSTAT<15>_wg_lut<0>" (ROM)
removed.
  The signal "U_ila_pro_0/U0/I_YES_D.U_ILA/U_STAT/iSTAT<15>_wg_lut<0>" is
sourceless and has been removed.
   Sourceless block "U_ila_pro_0/U0/I_YES_D.U_ILA/U_STAT/iSTAT<15>_wg_cy<0>" (MUX)
removed.
    The signal "U_ila_pro_0/U0/I_YES_D.U_ILA/U_STAT/iSTAT<15>_wg_cy<0>" is
sourceless and has been removed.
     Sourceless block "U_ila_pro_0/U0/I_YES_D.U_ILA/U_STAT/iSTAT<15>_wg_cy<1>" (MUX)
removed.
      The signal "U_ila_pro_0/U0/I_YES_D.U_ILA/U_STAT/iSTAT<15>_wg_cy<1>" is
sourceless and has been removed.
       Sourceless block "U_ila_pro_0/U0/I_YES_D.U_ILA/U_STAT/iSTAT<15>_wg_cy<2>" (MUX)
removed.
        The signal "U_ila_pro_0/U0/I_YES_D.U_ILA/U_STAT/iSTAT<15>_wg_cy<2>" is
sourceless and has been removed.
         Sourceless block "U_ila_pro_0/U0/I_YES_D.U_ILA/U_STAT/iSTAT<15>_wg_cy<3>" (MUX)
removed.
          The signal "U_ila_pro_0/U0/I_YES_D.U_ILA/U_STAT/iSTAT<15>_wg_cy<3>" is
sourceless and has been removed.
           Sourceless block "U_ila_pro_0/U0/I_YES_D.U_ILA/U_STAT/iSTAT<15>_wg_cy<4>" (MUX)
removed.
            The signal "U_ila_pro_0/U0/I_YES_D.U_ILA/U_STAT/iSTAT<15>_wg_cy<4>" is
sourceless and has been removed.
             Sourceless block "U_ila_pro_0/U0/I_YES_D.U_ILA/U_STAT/iSTAT<15>_wg_cy<5>" (MUX)
removed.
              The signal "U_ila_pro_0/U0/I_YES_D.U_ILA/U_STAT/iSTAT<15>_wg_cy<5>" is
sourceless and has been removed.
               Sourceless block "U_ila_pro_0/U0/I_YES_D.U_ILA/U_STAT/iSTAT<15>_wg_cy<6>" (MUX)
removed.
                The signal "U_ila_pro_0/U0/I_YES_D.U_ILA/U_STAT/iSTAT<15>_wg_cy<6>" is
sourceless and has been removed.
                 Sourceless block "U_ila_pro_0/U0/I_YES_D.U_ILA/U_STAT/iSTAT<15>_wg_cy<7>" (MUX)
removed.
                  The signal "U_ila_pro_0/U0/I_YES_D.U_ILA/U_STAT/iSTAT<15>_wg_cy<7>" is
sourceless and has been removed.
The signal "icon_control0<11>" is sourceless and has been removed.
 Sourceless block "U_ila_pro_0/U0/I_YES_D.U_ILA/U_STAT/iSTAT<15>_wg_lut<1>" (ROM)
removed.
  The signal "U_ila_pro_0/U0/I_YES_D.U_ILA/U_STAT/iSTAT<15>_wg_lut<1>" is
sourceless and has been removed.
The signal "icon_control0<15>" is sourceless and has been removed.
 Sourceless block "U_ila_pro_0/U0/I_YES_D.U_ILA/U_STAT/iSTAT<15>_wg_lut<2>" (ROM)
removed.
  The signal "U_ila_pro_0/U0/I_YES_D.U_ILA/U_STAT/iSTAT<15>_wg_lut<2>" is
sourceless and has been removed.
The signal "icon_control0<16>" is sourceless and has been removed.
The signal "icon_control0<17>" is sourceless and has been removed.
The signal "icon_control0<23>" is sourceless and has been removed.
 Sourceless block "U_ila_pro_0/U0/I_YES_D.U_ILA/U_STAT/iSTAT<15>_wg_lut<4>" (ROM)
removed.
  The signal "U_ila_pro_0/U0/I_YES_D.U_ILA/U_STAT/iSTAT<15>_wg_lut<4>" is
sourceless and has been removed.
The signal "icon_control0<18>" is sourceless and has been removed.
 Sourceless block "U_ila_pro_0/U0/I_YES_D.U_ILA/U_STAT/iSTAT<15>_wg_lut<3>" (ROM)
removed.
  The signal "U_ila_pro_0/U0/I_YES_D.U_ILA/U_STAT/iSTAT<15>_wg_lut<3>" is
sourceless and has been removed.
The signal "icon_control0<24>" is sourceless and has been removed.
 Sourceless block "U_ila_pro_0/U0/I_YES_D.U_ILA/U_STAT/iSTAT<15>_wg_lut<5>" (ROM)
removed.
  The signal "U_ila_pro_0/U0/I_YES_D.U_ILA/U_STAT/iSTAT<15>_wg_lut<5>" is
sourceless and has been removed.
The signal "icon_control0<25>" is sourceless and has been removed.
The signal "icon_control0<26>" is sourceless and has been removed.
The signal "icon_control0<7>" is sourceless and has been removed.
The signal "icon_control0<27>" is sourceless and has been removed.
 Sourceless block "U_ila_pro_0/U0/I_YES_D.U_ILA/U_STAT/iSTAT<15>_wg_lut<6>" (ROM)
removed.
  The signal "U_ila_pro_0/U0/I_YES_D.U_ILA/U_STAT/iSTAT<15>_wg_lut<6>" is
sourceless and has been removed.
The signal "icon_control0<33>" is sourceless and has been removed.
The signal "icon_control0<28>" is sourceless and has been removed.
The signal "icon_control0<29>" is sourceless and has been removed.
The signal "icon_control0<34>" is sourceless and has been removed.
The signal "icon_control0<35>" is sourceless and has been removed.
The signal "U_icon_pro/U0/U_ICON/iCOMMAND_SEL<14>" is sourceless and has been
removed.
 Sourceless block "U_icon_pro/U0/U_ICON/U_CTRL_OUT/F_NCP[0].F_CMD[14].U_LCE"
(ROM) removed.
 Sourceless block "U_icon_pro/U0/U_ICON/U_CTRL_OUT/F_NCP[0].F_CMD[14].U_HCE"
(ROM) removed.
The signal "U_icon_pro/U0/U_ICON/iCOMMAND_SEL<13>" is sourceless and has been
removed.
 Sourceless block "U_icon_pro/U0/U_ICON/U_CTRL_OUT/F_NCP[0].F_CMD[13].U_LCE"
(ROM) removed.
 Sourceless block "U_icon_pro/U0/U_ICON/U_CTRL_OUT/F_NCP[0].F_CMD[13].U_HCE"
(ROM) removed.
The signal "U_icon_pro/U0/U_ICON/iCOMMAND_SEL<7>" is sourceless and has been
removed.
 Sourceless block "U_icon_pro/U0/U_ICON/U_CTRL_OUT/F_NCP[0].F_CMD[7].U_LCE" (ROM)
removed.
 Sourceless block "U_icon_pro/U0/U_ICON/U_CTRL_OUT/F_NCP[0].F_CMD[7].U_HCE" (ROM)
removed.
The signal "U_icon_pro/U0/U_ICON/iCOMMAND_SEL<6>" is sourceless and has been
removed.
 Sourceless block "U_icon_pro/U0/U_ICON/U_CTRL_OUT/F_NCP[0].F_CMD[6].U_LCE" (ROM)
removed.
 Sourceless block "U_icon_pro/U0/U_ICON/U_CTRL_OUT/F_NCP[0].F_CMD[6].U_HCE" (ROM)
removed.
The signal "U_icon_pro/U0/U_ICON/iCOMMAND_SEL<3>" is sourceless and has been
removed.
 Sourceless block "U_icon_pro/U0/U_ICON/U_CTRL_OUT/F_NCP[0].F_CMD[3].U_LCE" (ROM)
removed.
 Sourceless block "U_icon_pro/U0/U_ICON/U_CTRL_OUT/F_NCP[0].F_CMD[3].U_HCE" (ROM)
removed.
The signal "U_ila_pro_0/U0/I_YES_D.U_ILA/U_STAT/iSTAT<15>_wg_lut<8>" is
sourceless and has been removed.

The trimmed logic reported below is either:
   1. part of a cycle
   2. part of disabled logic
   3. a side-effect of other trimmed logic

The signal "my_kcpsm3/int_enable" is unused and has been removed.
 Unused block "my_kcpsm3/int_enable_flop" (SFF) removed.
  The signal "my_kcpsm3/int_update_enable" is unused and has been removed.
   Unused block "my_kcpsm3/int_update_lut" (ROM) removed.
  The signal "my_kcpsm3/int_enable_value" is unused and has been removed.
   Unused block "my_kcpsm3/int_value_lut" (ROM) removed.
    The signal "my_kcpsm3/interrupt_ack" is unused and has been removed.
     Unused block "my_kcpsm3/ack_flop" (FF) removed.
The signal "my_kcpsm3/int_pulse" is unused and has been removed.
The signal "my_kcpsm3/not_active_interrupt" is unused and has been removed.
The signal "my_kcpsm3/sel_shadow_carry" is unused and has been removed.
 Unused block "my_kcpsm3/sel_shadow_carry_lut" (ROM) removed.
Unused block "U_icon_pro/U0/U_ICON/U_CMD/U_COMMAND_SEL/I4.FI[13].U_LUT" (ROM)
removed.
Unused block "U_icon_pro/U0/U_ICON/U_CMD/U_COMMAND_SEL/I4.FI[14].U_LUT" (ROM)
removed.
Unused block "U_icon_pro/U0/U_ICON/U_CMD/U_COMMAND_SEL/I4.FI[3].U_LUT" (ROM)
removed.
Unused block "U_icon_pro/U0/U_ICON/U_CMD/U_COMMAND_SEL/I4.FI[6].U_LUT" (ROM)
removed.
Unused block "U_icon_pro/U0/U_ICON/U_CMD/U_COMMAND_SEL/I4.FI[7].U_LUT" (ROM)
removed.
Unused block "U_icon_pro/U0/U_ICON/U_CTRL_OUT/F_NCP[0].F_CMD[11].U_LCE" (ROM)
removed.
Unused block "U_icon_pro/U0/U_ICON/U_CTRL_OUT/F_NCP[0].F_CMD[12].U_LCE" (ROM)
removed.
Unused block "U_icon_pro/U0/U_ICON/U_CTRL_OUT/F_NCP[0].F_CMD[15].U_HCE" (ROM)
removed.
Unused block "U_icon_pro/U0/U_ICON/U_CTRL_OUT/F_NCP[0].F_CMD[4].U_HCE" (ROM)
removed.
Unused block "U_icon_pro/U0/U_ICON/U_CTRL_OUT/F_NCP[0].F_CMD[5].U_HCE" (ROM)
removed.
Unused block "U_icon_pro/U0/U_ICON/U_CTRL_OUT/F_NCP[0].F_CMD[8].U_HCE" (ROM)
removed.
Unused block "U_icon_pro/U0/U_ICON/U_CTRL_OUT/F_NCP[0].F_CMD[9].U_HCE" (ROM)
removed.
Unused block "my_program/GND" (ZERO) removed.
Unused block "my_program/VCC" (ONE) removed.

Optimized Block(s):
TYPE 		BLOCK
LUT3 		U_icon_pro/U0/U_ICON/U_TDO_MUX/NO_LUT6.I4.FJ[1].U_LUT3
LUT3 		U_icon_pro/U0/U_ICON/U_TDO_MUX/NO_LUT6.I4.FJ[2].U_LUT3
LUT3 		U_icon_pro/U0/U_ICON/U_TDO_MUX/NO_LUT6.I4.FJ[3].U_LUT3
LUT3 		U_icon_pro/U0/U_ICON/U_TDO_MUX/NO_LUT6.I4.FJ[4].U_LUT3
LUT3 		U_icon_pro/U0/U_ICON/U_TDO_MUX/NO_LUT6.I4.FJ[5].U_LUT3
LUT3 		U_icon_pro/U0/U_ICON/U_TDO_MUX/NO_LUT6.I4.FJ[6].U_LUT3
GND 		U_icon_pro/XST_GND
VCC 		U_icon_pro/XST_VCC
LUT4 		U_ila_pro_0/U0/I_YES_D.U_ILA/U_STAT/F_SSTAT[10].I_STAT.U_STAT
LUT4 		U_ila_pro_0/U0/I_YES_D.U_ILA/U_STAT/F_SSTAT[12].I_STAT.U_STAT
LUT4 		U_ila_pro_0/U0/I_YES_D.U_ILA/U_STAT/F_SSTAT[14].I_STAT.U_STAT
LUT3 		U_ila_pro_0/U0/I_YES_D.U_ILA/U_STAT/U_DMUX5/NO_LUT6.I3.FJ[1].U_LUT3
LUT3 		U_ila_pro_0/U0/I_YES_D.U_ILA/U_STAT/U_DMUX5/NO_LUT6.I3.FJ[2].U_LUT3
LUT3 		U_ila_pro_0/U0/I_YES_D.U_ILA/U_STAT/U_DMUX5/NO_LUT6.I3.FJ[3].U_LUT3
LUT3 		U_ila_pro_0/U0/I_YES_D.U_ILA/U_STAT/U_SMUX/NO_LUT6.I6.FJ[15].U_LUT3
LUT3 		U_ila_pro_0/U0/I_YES_D.U_ILA/U_STAT/U_SMUX/NO_LUT6.I6.FJ[16].U_LUT3
LUT3 		U_ila_pro_0/U0/I_YES_D.U_ILA/U_STAT/U_SMUX/NO_LUT6.I6.FJ[17].U_LUT3
LUT3 		U_ila_pro_0/U0/I_YES_D.U_ILA/U_STAT/U_SMUX/NO_LUT6.I6.FJ[18].U_LUT3
LUT3 		U_ila_pro_0/U0/I_YES_D.U_ILA/U_STAT/U_SMUX/NO_LUT6.I6.FJ[19].U_LUT3
LUT3 		U_ila_pro_0/U0/I_YES_D.U_ILA/U_STAT/U_SMUX/NO_LUT6.I6.FJ[20].U_LUT3
LUT3 		U_ila_pro_0/U0/I_YES_D.U_ILA/U_STAT/U_SMUX/NO_LUT6.I6.FJ[21].U_LUT3
LUT3 		U_ila_pro_0/U0/I_YES_D.U_ILA/U_STAT/U_SMUX/NO_LUT6.I6.FJ[22].U_LUT3
LUT3 		U_ila_pro_0/U0/I_YES_D.U_ILA/U_STAT/U_SMUX/NO_LUT6.I6.FJ[23].U_LUT3
LUT3 		U_ila_pro_0/U0/I_YES_D.U_ILA/U_STAT/U_SMUX/NO_LUT6.I6.FJ[24].U_LUT3
LUT3 		U_ila_pro_0/U0/I_YES_D.U_ILA/U_STAT/U_SMUX/NO_LUT6.I6.FJ[25].U_LUT3
LUT3 		U_ila_pro_0/U0/I_YES_D.U_ILA/U_STAT/U_SMUX/NO_LUT6.I6.FJ[26].U_LUT3
LUT3 		U_ila_pro_0/U0/I_YES_D.U_ILA/U_STAT/U_SMUX/NO_LUT6.I6.FJ[27].U_LUT3
LUT3 		U_ila_pro_0/U0/I_YES_D.U_ILA/U_STAT/U_SMUX/NO_LUT6.I6.FJ[28].U_LUT3
LUT3 		U_ila_pro_0/U0/I_YES_D.U_ILA/U_STAT/U_SMUX/NO_LUT6.I6.FJ[29].U_LUT3
LUT3 		U_ila_pro_0/U0/I_YES_D.U_ILA/U_STAT/U_SMUX/NO_LUT6.I6.FJ[30].U_LUT3
LUT3 		U_ila_pro_0/U0/I_YES_D.U_ILA/U_STAT/U_SMUX/NO_LUT6.I6.FJ[31].U_LUT3
LUT4 		U_ila_pro_0/U0/I_YES_D.U_ILA/U_STAT/iSTAT<15>_wg_lut<8>
GND 		U_ila_pro_0/XST_GND
VCC 		U_ila_pro_0/XST_VCC
GND 		XST_GND
VCC 		XST_VCC
FDR 		my_kcpsm3/int_capture_flop
   optimized to 0
FDR 		my_kcpsm3/int_flop
   optimized to 0
LUT4 		my_kcpsm3/int_pulse_lut
FDE 		my_kcpsm3/shadow_carry_flop
   optimized to 0
FDE 		my_kcpsm3/shadow_zero_flop
   optimized to 0
INV 		my_kcpsm3/stack_count_inv
GND 		my_program/BU2/XST_GND
VCC 		my_program/BU2/XST_VCC
MUXCY 		U_ila_pro_0/U0/I_YES_D.U_ILA/U_STAT/iSTAT<15>_wg_cy<8>
MUXCY 		my_kcpsm3/sel_shadow_muxcy

To enable printing of redundant blocks removed and signals merged, set the
detailed map report option and rerun map.

Section 6 - IOB Properties
--------------------------

+----------------------------------------------------------------------------------------------------------------------------------------+
| IOB Name                           | Type             | Direction | IO Standard | Drive    | Slew | Reg (s)      | Resistor | IOB      |
|                                    |                  |           |             | Strength | Rate |              |          | Delay    |
+----------------------------------------------------------------------------------------------------------------------------------------+
| clk                                | IBUF             | INPUT     | LVCMOS33    |          |      |              |          | 0 / 0    |
| leds<0>                            | IOB              | OUTPUT    | LVTTL       | 8        | SLOW |              |          | 0 / 0    |
| leds<1>                            | IOB              | OUTPUT    | LVTTL       | 8        | SLOW |              |          | 0 / 0    |
| leds<2>                            | IOB              | OUTPUT    | LVTTL       | 8        | SLOW |              |          | 0 / 0    |
| leds<3>                            | IOB              | OUTPUT    | LVTTL       | 8        | SLOW |              |          | 0 / 0    |
| leds<4>                            | IOB              | OUTPUT    | LVTTL       | 8        | SLOW |              |          | 0 / 0    |
| leds<5>                            | IOB              | OUTPUT    | LVTTL       | 8        | SLOW |              |          | 0 / 0    |
| leds<6>                            | IOB              | OUTPUT    | LVTTL       | 8        | SLOW |              |          | 0 / 0    |
| leds<7>                            | IOB              | OUTPUT    | LVTTL       | 8        | SLOW |              |          | 0 / 0    |
| lock                               | IOB              | OUTPUT    | LVCMOS25    | 12       | SLOW |              |          | 0 / 0    |
| rs232_rx                           | IBUF             | INPUT     | LVTTL       |          |      |              |          | 0 / 0    |
| rs232_tx                           | IOB              | OUTPUT    | LVTTL       | 12       | SLOW |              | PULLUP   | 0 / 0    |
| rst_tmp                            | IBUF             | INPUT     | LVTTL       |          |      |              | PULLDOWN | 0 / 0    |
| switches<0>                        | IBUF             | INPUT     | LVTTL       |          |      |              |          | 0 / 0    |
| switches<1>                        | IBUF             | INPUT     | LVTTL       |          |      |              |          | 0 / 0    |
| switches<2>                        | IBUF             | INPUT     | LVTTL       |          |      |              |          | 0 / 0    |
| switches<3>                        | IBUF             | INPUT     | LVTTL       |          |      |              |          | 0 / 0    |
| switches<4>                        | IBUF             | INPUT     | LVTTL       |          |      |              |          | 0 / 0    |
| switches<5>                        | IBUF             | INPUT     | LVTTL       |          |      |              |          | 0 / 0    |
| switches<6>                        | IBUF             | INPUT     | LVTTL       |          |      |              |          | 0 / 0    |
| switches<7>                        | IBUF             | INPUT     | LVCMOS25    |          |      |              |          | 0 / 0    |
+----------------------------------------------------------------------------------------------------------------------------------------+

Section 7 - RPMs
----------------
U_ila_pro_0/U0/I_YES_D.U_ILA/U_G2_SQ.U_CAPCTRL_I_SRLT_NE_1.U_CDONE_MSET
U_ila_pro_0/U0/I_YES_D.U_ILA/U_G2_SQ.U_CAPCTRL_I_SRLT_NE_1.U_CMPRESET_MSET
U_ila_pro_0/U0/I_YES_D.U_ILA/U_G2_SQ.U_CAPCTRL_I_SRLT_NE_1.U_NS0_MSET
U_ila_pro_0/U0/I_YES_D.U_ILA/U_G2_SQ.U_CAPCTRL_I_SRLT_NE_1.U_NS1_MSET
U_ila_pro_0/U0/I_YES_D.U_ILA/U_G2_SQ.U_CAPCTRL_I_SRLT_NE_1.U_SCMPCE_MSET
U_ila_pro_0/U0/I_YES_D.U_ILA/U_G2_SQ.U_CAPCTRL_I_SRLT_NE_1.U_SCRST_MSET
U_ila_pro_0/U0/I_YES_D.U_ILA/U_G2_SQ.U_CAPCTRL_I_SRLT_NE_1.U_WHCMPCE_MSET
U_ila_pro_0/U0/I_YES_D.U_ILA/U_G2_SQ.U_CAPCTRL_I_SRLT_NE_1.U_WLCMPCE_MSET
U_ila_pro_0/U0/I_YES_D.U_ILA/U_G2_SQ.U_CAPCTRL_U_CAP_ADDRGEN_U_SCNT_CMP_I_SRL16.
U_GAND_SRL16_MSET
U_ila_pro_0/U0/I_YES_D.U_ILA/U_G2_SQ.U_CAPCTRL_U_CAP_ADDRGEN_U_WCNT_HCMP_I_SRL16
.U_GAND_SRL16_MSET
U_ila_pro_0/U0/I_YES_D.U_ILA/U_G2_SQ.U_CAPCTRL_U_CAP_ADDRGEN_U_WCNT_LCMP_I_SRL16
.U_GAND_SRL16_MSET
U_ila_pro_0/U0_I_YES_D.U_ILA_U_TRIG_U_TM_G_NMU[0].U_M_U_MU_I_MUT_GAND.U_match_I_
SRL16.U_GAND_SRL16_MSET
U_ila_pro_0/U0_I_YES_D.U_ILA_U_TRIG_U_TM_G_NMU[1].U_M_U_MU_I_MUT_GAND.U_match_I_
SRL16.U_GAND_SRL16_MSET
U_ila_pro_0/U0_I_YES_D.U_ILA_U_TRIG_U_TM_G_NMU[2].U_M_U_MU_I_MUT_GAND.U_match_I_
SRL16.U_GAND_SRL16_MSET

Section 8 - Guide Report
------------------------
Guide not run on this design.

Section 9 - Area Group and Partition Summary
--------------------------------------------

Partition Implementation Status
-------------------------------

  No Partitions were found in this design.

-------------------------------

Area Group Information
----------------------

  No area groups were found in this design.

----------------------

Section 10 - Modular Design Summary
-----------------------------------
Modular Design not used for this design.

Section 11 - Timing Report
--------------------------
This design was not run using timing mode.

Section 12 - Configuration String Details
-----------------------------------------
Use the "-detail" map option to print out Configuration Strings

Section 13 - Control Set Information
------------------------------------
No control set information for this architecture.

Section 14 - Utilization by Hierarchy
-------------------------------------
+---------------------------------------------------------------------------------------------------------------------------------------------------------------------------------------------------------------------------------------------------------------------------------------------+
| Module                               | Partition | Slices        | Slice Reg     | LUTs          | LUTRAM        | BRAM      | MULT18X18 | BUFG  | DCM   | Full Hierarchical Name                                                                                                           |
+---------------------------------------------------------------------------------------------------------------------------------------------------------------------------------------------------------------------------------------------------------------------------------------------+
| loopback/                            |           | 163/566       | 27/356        | 134/567       | 0/171         | 0/2       | 0/0       | 0/3   | 0/1   | loopback                                                                                                                         |
| +Inst_my_dcm                         |           | 0/0           | 0/0           | 0/0           | 0/0           | 0/0       | 0/0       | 2/2   | 1/1   | loopback/Inst_my_dcm                                                                                                             |
| +U_icon_pro                          |           | 0/48          | 0/28          | 0/44          | 0/0           | 0/0       | 0/0       | 0/1   | 0/0   | loopback/U_icon_pro                                                                                                              |
| ++U0                                 |           | 0/48          | 0/28          | 0/44          | 0/0           | 0/0       | 0/0       | 0/1   | 0/0   | loopback/U_icon_pro/U0                                                                                                           |
| +++U_ICON                            |           | 3/48          | 3/28          | 0/44          | 0/0           | 0/0       | 0/0       | 0/1   | 0/0   | loopback/U_icon_pro/U0/U_ICON                                                                                                    |
| ++++I_YES_BSCAN.U_BS                 |           | 0/0           | 0/0           | 0/0           | 0/0           | 0/0       | 0/0       | 1/1   | 0/0   | loopback/U_icon_pro/U0/U_ICON/I_YES_BSCAN.U_BS                                                                                   |
| ++++U_CMD                            |           | 6/13          | 10/10         | 1/14          | 0/0           | 0/0       | 0/0       | 0/0   | 0/0   | loopback/U_icon_pro/U0/U_ICON/U_CMD                                                                                              |
| +++++U_COMMAND_SEL                   |           | 6/6           | 0/0           | 11/11         | 0/0           | 0/0       | 0/0       | 0/0   | 0/0   | loopback/U_icon_pro/U0/U_ICON/U_CMD/U_COMMAND_SEL                                                                                |
| +++++U_CORE_ID_SEL                   |           | 1/1           | 0/0           | 2/2           | 0/0           | 0/0       | 0/0       | 0/0   | 0/0   | loopback/U_icon_pro/U0/U_ICON/U_CMD/U_CORE_ID_SEL                                                                                |
| ++++U_CTRL_OUT                       |           | 14/14         | 0/0           | 18/18         | 0/0           | 0/0       | 0/0       | 0/0   | 0/0   | loopback/U_icon_pro/U0/U_ICON/U_CTRL_OUT                                                                                         |
| ++++U_STAT                           |           | 4/7           | 1/7           | 7/7           | 0/0           | 0/0       | 0/0       | 0/0   | 0/0   | loopback/U_icon_pro/U0/U_ICON/U_STAT                                                                                             |
| +++++U_STAT_CNT                      |           | 3/3           | 6/6           | 0/0           | 0/0           | 0/0       | 0/0       | 0/0   | 0/0   | loopback/U_icon_pro/U0/U_ICON/U_STAT/U_STAT_CNT                                                                                  |
| ++++U_SYNC                           |           | 7/7           | 8/8           | 3/3           | 0/0           | 0/0       | 0/0       | 0/0   | 0/0   | loopback/U_icon_pro/U0/U_ICON/U_SYNC                                                                                             |
| ++++U_TDO_MUX                        |           | 4/4           | 0/0           | 2/2           | 0/0           | 0/0       | 0/0       | 0/0   | 0/0   | loopback/U_icon_pro/U0/U_ICON/U_TDO_MUX                                                                                          |
| +U_ila_pro_0                         |           | 0/221         | 0/187         | 0/151         | 0/67          | 0/1       | 0/0       | 0/0   | 0/0   | loopback/U_ila_pro_0                                                                                                             |
| ++U0                                 |           | 10/221        | 11/187        | 0/151         | 0/67          | 0/1       | 0/0       | 0/0   | 0/0   | loopback/U_ila_pro_0/U0                                                                                                          |
| +++I_YES_D.U_ILA                     |           | 0/211         | 0/176         | 0/151         | 0/67          | 0/1       | 0/0       | 0/0   | 0/0   | loopback/U_ila_pro_0/U0/I_YES_D.U_ILA                                                                                            |
| ++++I_DQ.U_DQQ                       |           | 4/4           | 8/8           | 8/8           | 8/8           | 0/0       | 0/0       | 0/0   | 0/0   | loopback/U_ila_pro_0/U0/I_YES_D.U_ILA/I_DQ.U_DQQ                                                                                 |
| ++++U_CAPSTOR                        |           | 0/7           | 0/14          | 0/0           | 0/0           | 0/1       | 0/0       | 0/0   | 0/0   | loopback/U_ila_pro_0/U0/I_YES_D.U_ILA/U_CAPSTOR                                                                                  |
| +++++I_CASE1.I_NO_TB.I_RT1.I_RDADDR  |           | 0/7           | 0/14          | 0/0           | 0/0           | 0/0       | 0/0       | 0/0   | 0/0   | loopback/U_ila_pro_0/U0/I_YES_D.U_ILA/U_CAPSTOR/I_CASE1.I_NO_TB.I_RT1.I_RDADDR                                                   |
| ++++++U_HC                           |           | 7/7           | 14/14         | 0/0           | 0/0           | 0/0       | 0/0       | 0/0   | 0/0   | loopback/U_ila_pro_0/U0/I_YES_D.U_ILA/U_CAPSTOR/I_CASE1.I_NO_TB.I_RT1.I_RDADDR/U_HC                                              |
| +++++I_CASE1.I_NO_TB.I_RT1.U_RAM     |           | 0/0           | 0/0           | 0/0           | 0/0           | 0/1       | 0/0       | 0/0   | 0/0   | loopback/U_ila_pro_0/U0/I_YES_D.U_ILA/U_CAPSTOR/I_CASE1.I_NO_TB.I_RT1.U_RAM                                                      |
| ++++++G_BRAM[0].U_BRAM               |           | 0/0           | 0/0           | 0/0           | 0/0           | 1/1       | 0/0       | 0/0   | 0/0   | loopback/U_ila_pro_0/U0/I_YES_D.U_ILA/U_CAPSTOR/I_CASE1.I_NO_TB.I_RT1.U_RAM/G_BRAM[0].U_BRAM                                     |
| ++++U_G2_SQ.U_CAPCTRL                |           | 7/76          | 7/62          | 1/74          | 0/49          | 0/0       | 0/0       | 0/0   | 0/0   | loopback/U_ila_pro_0/U0/I_YES_D.U_ILA/U_G2_SQ.U_CAPCTRL                                                                          |
| +++++I_SRLT_NE_1.U_CDONE             |           | 4/4           | 1/1           | 6/6           | 4/4           | 0/0       | 0/0       | 0/0   | 0/0   | loopback/U_ila_pro_0/U0/I_YES_D.U_ILA/U_G2_SQ.U_CAPCTRL/I_SRLT_NE_1.U_CDONE                                                      |
| +++++I_SRLT_NE_1.U_CMPRESET          |           | 3/3           | 0/0           | 5/5           | 4/4           | 0/0       | 0/0       | 0/0   | 0/0   | loopback/U_ila_pro_0/U0/I_YES_D.U_ILA/U_G2_SQ.U_CAPCTRL/I_SRLT_NE_1.U_CMPRESET                                                   |
| +++++I_SRLT_NE_1.U_NS0               |           | 6/6           | 1/1           | 10/10         | 8/8           | 0/0       | 0/0       | 0/0   | 0/0   | loopback/U_ila_pro_0/U0/I_YES_D.U_ILA/U_G2_SQ.U_CAPCTRL/I_SRLT_NE_1.U_NS0                                                        |
| +++++I_SRLT_NE_1.U_NS1               |           | 6/6           | 1/1           | 10/10         | 8/8           | 0/0       | 0/0       | 0/0   | 0/0   | loopback/U_ila_pro_0/U0/I_YES_D.U_ILA/U_G2_SQ.U_CAPCTRL/I_SRLT_NE_1.U_NS1                                                        |
| +++++I_SRLT_NE_1.U_SCE               |           | 2/2           | 0/0           | 2/2           | 1/1           | 0/0       | 0/0       | 0/0   | 0/0   | loopback/U_ila_pro_0/U0/I_YES_D.U_ILA/U_G2_SQ.U_CAPCTRL/I_SRLT_NE_1.U_SCE                                                        |
| +++++I_SRLT_NE_1.U_SCMPCE            |           | 2/2           | 0/0           | 3/3           | 2/2           | 0/0       | 0/0       | 0/0   | 0/0   | loopback/U_ila_pro_0/U0/I_YES_D.U_ILA/U_G2_SQ.U_CAPCTRL/I_SRLT_NE_1.U_SCMPCE                                                     |
| +++++I_SRLT_NE_1.U_SCRST             |           | 3/3           | 0/0           | 5/5           | 4/4           | 0/0       | 0/0       | 0/0   | 0/0   | loopback/U_ila_pro_0/U0/I_YES_D.U_ILA/U_G2_SQ.U_CAPCTRL/I_SRLT_NE_1.U_SCRST                                                      |
| +++++I_SRLT_NE_1.U_WCE               |           | 2/2           | 0/0           | 2/2           | 1/1           | 0/0       | 0/0       | 0/0   | 0/0   | loopback/U_ila_pro_0/U0/I_YES_D.U_ILA/U_G2_SQ.U_CAPCTRL/I_SRLT_NE_1.U_WCE                                                        |
| +++++I_SRLT_NE_1.U_WHCMPCE           |           | 2/2           | 0/0           | 3/3           | 2/2           | 0/0       | 0/0       | 0/0   | 0/0   | loopback/U_ila_pro_0/U0/I_YES_D.U_ILA/U_G2_SQ.U_CAPCTRL/I_SRLT_NE_1.U_WHCMPCE                                                    |
| +++++I_SRLT_NE_1.U_WLCMPCE           |           | 2/2           | 0/0           | 3/3           | 2/2           | 0/0       | 0/0       | 0/0   | 0/0   | loopback/U_ila_pro_0/U0/I_YES_D.U_ILA/U_G2_SQ.U_CAPCTRL/I_SRLT_NE_1.U_WLCMPCE                                                    |
| +++++U_CAP_ADDRGEN                   |           | 21/37         | 34/52         | 12/24         | 1/13          | 0/0       | 0/0       | 0/0   | 0/0   | loopback/U_ila_pro_0/U0/I_YES_D.U_ILA/U_G2_SQ.U_CAPCTRL/U_CAP_ADDRGEN                                                            |
| ++++++I_NO_TSEQ.I_SRLT_NE_1.U_SCNT   |           | 5/5           | 9/9           | 0/0           | 0/0           | 0/0       | 0/0       | 0/0   | 0/0   | loopback/U_ila_pro_0/U0/I_YES_D.U_ILA/U_G2_SQ.U_CAPCTRL/U_CAP_ADDRGEN/I_NO_TSEQ.I_SRLT_NE_1.U_SCNT                               |
| ++++++I_SRLT_NE_1.U_WCNT             |           | 5/5           | 9/9           | 0/0           | 0/0           | 0/0       | 0/0       | 0/0   | 0/0   | loopback/U_ila_pro_0/U0/I_YES_D.U_ILA/U_G2_SQ.U_CAPCTRL/U_CAP_ADDRGEN/I_SRLT_NE_1.U_WCNT                                         |
| ++++++U_SCNT_CMP                     |           | 0/2           | 0/0           | 0/4           | 0/4           | 0/0       | 0/0       | 0/0   | 0/0   | loopback/U_ila_pro_0/U0/I_YES_D.U_ILA/U_G2_SQ.U_CAPCTRL/U_CAP_ADDRGEN/U_SCNT_CMP                                                 |
| +++++++I_SRL16.U_GAND_SRL16          |           | 2/2           | 0/0           | 4/4           | 4/4           | 0/0       | 0/0       | 0/0   | 0/0   | loopback/U_ila_pro_0/U0/I_YES_D.U_ILA/U_G2_SQ.U_CAPCTRL/U_CAP_ADDRGEN/U_SCNT_CMP/I_SRL16.U_GAND_SRL16                            |
| ++++++U_WCNT_HCMP                    |           | 0/2           | 0/0           | 0/4           | 0/4           | 0/0       | 0/0       | 0/0   | 0/0   | loopback/U_ila_pro_0/U0/I_YES_D.U_ILA/U_G2_SQ.U_CAPCTRL/U_CAP_ADDRGEN/U_WCNT_HCMP                                                |
| +++++++I_SRL16.U_GAND_SRL16          |           | 2/2           | 0/0           | 4/4           | 4/4           | 0/0       | 0/0       | 0/0   | 0/0   | loopback/U_ila_pro_0/U0/I_YES_D.U_ILA/U_G2_SQ.U_CAPCTRL/U_CAP_ADDRGEN/U_WCNT_HCMP/I_SRL16.U_GAND_SRL16                           |
| ++++++U_WCNT_LCMP                    |           | 0/2           | 0/0           | 0/4           | 0/4           | 0/0       | 0/0       | 0/0   | 0/0   | loopback/U_ila_pro_0/U0/I_YES_D.U_ILA/U_G2_SQ.U_CAPCTRL/U_CAP_ADDRGEN/U_WCNT_LCMP                                                |
| +++++++I_SRL16.U_GAND_SRL16          |           | 2/2           | 0/0           | 4/4           | 4/4           | 0/0       | 0/0       | 0/0   | 0/0   | loopback/U_ila_pro_0/U0/I_YES_D.U_ILA/U_G2_SQ.U_CAPCTRL/U_CAP_ADDRGEN/U_WCNT_LCMP/I_SRL16.U_GAND_SRL16                           |
| ++++U_RST                            |           | 6/19          | 9/25          | 2/4           | 0/0           | 0/0       | 0/0       | 0/0   | 0/0   | loopback/U_ila_pro_0/U0/I_YES_D.U_ILA/U_RST                                                                                      |
| +++++U_ARM_XFER                      |           | 7/7           | 9/9           | 1/1           | 0/0           | 0/0       | 0/0       | 0/0   | 0/0   | loopback/U_ila_pro_0/U0/I_YES_D.U_ILA/U_RST/U_ARM_XFER                                                                           |
| +++++U_HALT_XFER                     |           | 6/6           | 7/7           | 1/1           | 0/0           | 0/0       | 0/0       | 0/0   | 0/0   | loopback/U_ila_pro_0/U0/I_YES_D.U_ILA/U_RST/U_HALT_XFER                                                                          |
| ++++U_STAT                           |           | 26/67         | 23/42         | 12/44         | 0/0           | 0/0       | 0/0       | 0/0   | 0/0   | loopback/U_ila_pro_0/U0/I_YES_D.U_ILA/U_STAT                                                                                     |
| +++++U_DMUX                          |           | 2/2           | 0/0           | 4/4           | 0/0           | 0/0       | 0/0       | 0/0   | 0/0   | loopback/U_ila_pro_0/U0/I_YES_D.U_ILA/U_STAT/U_DMUX                                                                              |
| +++++U_DMUX0                         |           | 2/2           | 0/0           | 4/4           | 0/0           | 0/0       | 0/0       | 0/0   | 0/0   | loopback/U_ila_pro_0/U0/I_YES_D.U_ILA/U_STAT/U_DMUX0                                                                             |
| +++++U_DMUX1                         |           | 2/2           | 0/0           | 4/4           | 0/0           | 0/0       | 0/0       | 0/0   | 0/0   | loopback/U_ila_pro_0/U0/I_YES_D.U_ILA/U_STAT/U_DMUX1                                                                             |
| +++++U_DMUX4                         |           | 2/2           | 0/0           | 4/4           | 0/0           | 0/0       | 0/0       | 0/0   | 0/0   | loopback/U_ila_pro_0/U0/I_YES_D.U_ILA/U_STAT/U_DMUX4                                                                             |
| +++++U_DMUX5                         |           | 2/2           | 0/0           | 1/1           | 0/0           | 0/0       | 0/0       | 0/0   | 0/0   | loopback/U_ila_pro_0/U0/I_YES_D.U_ILA/U_STAT/U_DMUX5                                                                             |
| +++++U_DSL1                          |           | 6/6           | 6/6           | 1/1           | 0/0           | 0/0       | 0/0       | 0/0   | 0/0   | loopback/U_ila_pro_0/U0/I_YES_D.U_ILA/U_STAT/U_DSL1                                                                              |
| +++++U_MUX                           |           | 1/1           | 0/0           | 1/1           | 0/0           | 0/0       | 0/0       | 0/0   | 0/0   | loopback/U_ila_pro_0/U0/I_YES_D.U_ILA/U_STAT/U_MUX                                                                               |
| +++++U_RESET_EDGE                    |           | 2/2           | 3/3           | 0/0           | 0/0           | 0/0       | 0/0       | 0/0   | 0/0   | loopback/U_ila_pro_0/U0/I_YES_D.U_ILA/U_STAT/U_RESET_EDGE                                                                        |
| +++++U_SMUX                          |           | 17/17         | 0/0           | 13/13         | 0/0           | 0/0       | 0/0       | 0/0   | 0/0   | loopback/U_ila_pro_0/U0/I_YES_D.U_ILA/U_STAT/U_SMUX                                                                              |
| +++++U_STAT_CNT                      |           | 5/5           | 10/10         | 0/0           | 0/0           | 0/0       | 0/0       | 0/0   | 0/0   | loopback/U_ila_pro_0/U0/I_YES_D.U_ILA/U_STAT/U_STAT_CNT                                                                          |
| ++++U_TRIG                           |           | 1/38          | 1/25          | 0/21          | 0/10          | 0/0       | 0/0       | 0/0   | 0/0   | loopback/U_ila_pro_0/U0/I_YES_D.U_ILA/U_TRIG                                                                                     |
| +++++U_TC                            |           | 2/22          | 1/12          | 1/15          | 0/4           | 0/0       | 0/0       | 0/0   | 0/0   | loopback/U_ila_pro_0/U0/I_YES_D.U_ILA/U_TRIG/U_TC                                                                                |
| ++++++I_STORAGE_QUAL.U_STORAGE_QUAL  |           | 1/4           | 1/2           | 0/2           | 0/1           | 0/0       | 0/0       | 0/0   | 0/0   | loopback/U_ila_pro_0/U0/I_YES_D.U_ILA/U_TRIG/U_TC/I_STORAGE_QUAL.U_STORAGE_QUAL                                                  |
| +++++++I_SRLT_NE_1.I_NMU_1_TO_4.U_TC |           | 1/3           | 1/1           | 0/2           | 0/1           | 0/0       | 0/0       | 0/0   | 0/0   | loopback/U_ila_pro_0/U0/I_YES_D.U_ILA/U_TRIG/U_TC/I_STORAGE_QUAL.U_STORAGE_QUAL/I_SRLT_NE_1.I_NMU_1_TO_4.U_TCL                   |
| ++++++++I_NMU_EQ3.U_iDOUT            |           | 2/2           | 0/0           | 2/2           | 1/1           | 0/0       | 0/0       | 0/0   | 0/0   | loopback/U_ila_pro_0/U0/I_YES_D.U_ILA/U_TRIG/U_TC/I_STORAGE_QUAL.U_STORAGE_QUAL/I_SRLT_NE_1.I_NMU_1_TO_4.U_TCL/I_NMU_EQ3.U_iDOUT |
| ++++++I_TSEQ_EQ1.I_TSEQ_SIMPLE       |           | 6/12          | 7/7           | 2/10          | 0/2           | 0/0       | 0/0       | 0/0   | 0/0   | loopback/U_ila_pro_0/U0/I_YES_D.U_ILA/U_TRIG/U_TC/I_TSEQ_EQ1.I_TSEQ_SIMPLE                                                       |
| +++++++S0_CFG                        |           | 2/2           | 0/0           | 2/2           | 1/1           | 0/0       | 0/0       | 0/0   | 0/0   | loopback/U_ila_pro_0/U0/I_YES_D.U_ILA/U_TRIG/U_TC/I_TSEQ_EQ1.I_TSEQ_SIMPLE/S0_CFG                                                |
| +++++++U_MUS.U_MUX0                  |           | 1/1           | 0/0           | 2/2           | 0/0           | 0/0       | 0/0       | 0/0   | 0/0   | loopback/U_ila_pro_0/U0/I_YES_D.U_ILA/U_TRIG/U_TC/I_TSEQ_EQ1.I_TSEQ_SIMPLE/U_MUS.U_MUX0                                          |
| +++++++U_STATES[1].SI_CFG            |           | 2/2           | 0/0           | 2/2           | 1/1           | 0/0       | 0/0       | 0/0   | 0/0   | loopback/U_ila_pro_0/U0/I_YES_D.U_ILA/U_TRIG/U_TC/I_TSEQ_EQ1.I_TSEQ_SIMPLE/U_STATES[1].SI_CFG                                    |
| +++++++U_STATES[1].U_MUS.U_MUX       |           | 1/1           | 0/0           | 2/2           | 0/0           | 0/0       | 0/0       | 0/0   | 0/0   | loopback/U_ila_pro_0/U0/I_YES_D.U_ILA/U_TRIG/U_TC/I_TSEQ_EQ1.I_TSEQ_SIMPLE/U_STATES[1].U_MUS.U_MUX                               |
| ++++++I_TSEQ_NEQ2.U_TC_EQUATION      |           | 1/4           | 1/2           | 0/2           | 0/1           | 0/0       | 0/0       | 0/0   | 0/0   | loopback/U_ila_pro_0/U0/I_YES_D.U_ILA/U_TRIG/U_TC/I_TSEQ_NEQ2.U_TC_EQUATION                                                      |
| +++++++I_SRLT_NE_1.I_NMU_1_TO_4.U_TC |           | 1/3           | 1/1           | 0/2           | 0/1           | 0/0       | 0/0       | 0/0   | 0/0   | loopback/U_ila_pro_0/U0/I_YES_D.U_ILA/U_TRIG/U_TC/I_TSEQ_NEQ2.U_TC_EQUATION/I_SRLT_NE_1.I_NMU_1_TO_4.U_TCL                       |
| ++++++++I_NMU_EQ3.U_iDOUT            |           | 2/2           | 0/0           | 2/2           | 1/1           | 0/0       | 0/0       | 0/0   | 0/0   | loopback/U_ila_pro_0/U0/I_YES_D.U_ILA/U_TRIG/U_TC/I_TSEQ_NEQ2.U_TC_EQUATION/I_SRLT_NE_1.I_NMU_1_TO_4.U_TCL/I_NMU_EQ3.U_iDOUT     |
| +++++U_TM                            |           | 0/15          | 0/12          | 0/6           | 0/6           | 0/0       | 0/0       | 0/0   | 0/0   | loopback/U_ila_pro_0/U0/I_YES_D.U_ILA/U_TRIG/U_TM                                                                                |
| ++++++G_NMU[0].U_M                   |           | 1/5           | 1/4           | 0/2           | 0/2           | 0/0       | 0/0       | 0/0   | 0/0   | loopback/U_ila_pro_0/U0/I_YES_D.U_ILA/U_TRIG/U_TM/G_NMU[0].U_M                                                                   |
| +++++++U_MU                          |           | 1/4           | 1/3           | 0/2           | 0/2           | 0/0       | 0/0       | 0/0   | 0/0   | loopback/U_ila_pro_0/U0/I_YES_D.U_ILA/U_TRIG/U_TM/G_NMU[0].U_M/U_MU                                                              |
| ++++++++I_MUT_GAND.U_match           |           | 0/3           | 0/2           | 0/2           | 0/2           | 0/0       | 0/0       | 0/0   | 0/0   | loopback/U_ila_pro_0/U0/I_YES_D.U_ILA/U_TRIG/U_TM/G_NMU[0].U_M/U_MU/I_MUT_GAND.U_match                                           |
| +++++++++I_SRL16.U_GAND_SRL16        |           | 3/3           | 2/2           | 2/2           | 2/2           | 0/0       | 0/0       | 0/0   | 0/0   | loopback/U_ila_pro_0/U0/I_YES_D.U_ILA/U_TRIG/U_TM/G_NMU[0].U_M/U_MU/I_MUT_GAND.U_match/I_SRL16.U_GAND_SRL16                      |
| ++++++G_NMU[1].U_M                   |           | 1/5           | 1/4           | 0/2           | 0/2           | 0/0       | 0/0       | 0/0   | 0/0   | loopback/U_ila_pro_0/U0/I_YES_D.U_ILA/U_TRIG/U_TM/G_NMU[1].U_M                                                                   |
| +++++++U_MU                          |           | 1/4           | 1/3           | 0/2           | 0/2           | 0/0       | 0/0       | 0/0   | 0/0   | loopback/U_ila_pro_0/U0/I_YES_D.U_ILA/U_TRIG/U_TM/G_NMU[1].U_M/U_MU                                                              |
| ++++++++I_MUT_GAND.U_match           |           | 0/3           | 0/2           | 0/2           | 0/2           | 0/0       | 0/0       | 0/0   | 0/0   | loopback/U_ila_pro_0/U0/I_YES_D.U_ILA/U_TRIG/U_TM/G_NMU[1].U_M/U_MU/I_MUT_GAND.U_match                                           |
| +++++++++I_SRL16.U_GAND_SRL16        |           | 3/3           | 2/2           | 2/2           | 2/2           | 0/0       | 0/0       | 0/0   | 0/0   | loopback/U_ila_pro_0/U0/I_YES_D.U_ILA/U_TRIG/U_TM/G_NMU[1].U_M/U_MU/I_MUT_GAND.U_match/I_SRL16.U_GAND_SRL16                      |
| ++++++G_NMU[2].U_M                   |           | 1/5           | 1/4           | 0/2           | 0/2           | 0/0       | 0/0       | 0/0   | 0/0   | loopback/U_ila_pro_0/U0/I_YES_D.U_ILA/U_TRIG/U_TM/G_NMU[2].U_M                                                                   |
| +++++++U_MU                          |           | 1/4           | 1/3           | 0/2           | 0/2           | 0/0       | 0/0       | 0/0   | 0/0   | loopback/U_ila_pro_0/U0/I_YES_D.U_ILA/U_TRIG/U_TM/G_NMU[2].U_M/U_MU                                                              |
| ++++++++I_MUT_GAND.U_match           |           | 0/3           | 0/2           | 0/2           | 0/2           | 0/0       | 0/0       | 0/0   | 0/0   | loopback/U_ila_pro_0/U0/I_YES_D.U_ILA/U_TRIG/U_TM/G_NMU[2].U_M/U_MU/I_MUT_GAND.U_match                                           |
| +++++++++I_SRL16.U_GAND_SRL16        |           | 3/3           | 2/2           | 2/2           | 2/2           | 0/0       | 0/0       | 0/0   | 0/0   | loopback/U_ila_pro_0/U0/I_YES_D.U_ILA/U_TRIG/U_TM/G_NMU[2].U_M/U_MU/I_MUT_GAND.U_match/I_SRL16.U_GAND_SRL16                      |
| +my_kcpsm3                           |           | 92/92         | 70/70         | 170/170       | 68/68         | 0/0       | 0/0       | 0/0   | 0/0   | loopback/my_kcpsm3                                                                                                               |
| +my_program                          |           | 0/0           | 0/0           | 0/0           | 0/0           | 0/1       | 0/0       | 0/0   | 0/0   | loopback/my_program                                                                                                              |
| ++BU2                                |           | 0/0           | 0/0           | 0/0           | 0/0           | 0/1       | 0/0       | 0/0   | 0/0   | loopback/my_program/BU2                                                                                                          |
| +++U0                                |           | 0/0           | 0/0           | 0/0           | 0/0           | 0/1       | 0/0       | 0/0   | 0/0   | loopback/my_program/BU2/U0                                                                                                       |
| ++++blk_mem_generator                |           | 0/0           | 0/0           | 0/0           | 0/0           | 0/1       | 0/0       | 0/0   | 0/0   | loopback/my_program/BU2/U0/blk_mem_generator                                                                                     |
| +++++valid.cstr                      |           | 0/0           | 0/0           | 0/0           | 0/0           | 0/1       | 0/0       | 0/0   | 0/0   | loopback/my_program/BU2/U0/blk_mem_generator/valid.cstr                                                                          |
| ++++++ramloop[0].ram.r               |           | 0/0           | 0/0           | 0/0           | 0/0           | 0/1       | 0/0       | 0/0   | 0/0   | loopback/my_program/BU2/U0/blk_mem_generator/valid.cstr/ramloop[0].ram.r                                                         |
| +++++++v2_init.ram                   |           | 0/0           | 0/0           | 0/0           | 0/0           | 1/1       | 0/0       | 0/0   | 0/0   | loopback/my_program/BU2/U0/blk_mem_generator/valid.cstr/ramloop[0].ram.r/v2_init.ram                                             |
| +receive                             |           | 0/23          | 0/29          | 0/38          | 0/27          | 0/0       | 0/0       | 0/0   | 0/0   | loopback/receive                                                                                                                 |
| ++buf                                |           | 8/8           | 5/5           | 16/16         | 8/8           | 0/0       | 0/0       | 0/0   | 0/0   | loopback/receive/buf                                                                                                             |
| ++kcuart                             |           | 15/15         | 24/24         | 22/22         | 19/19         | 0/0       | 0/0       | 0/0   | 0/0   | loopback/receive/kcuart                                                                                                          |
| +transmit                            |           | 0/19          | 0/15          | 0/30          | 0/9           | 0/0       | 0/0       | 0/0   | 0/0   | loopback/transmit                                                                                                                |
| ++buf                                |           | 9/9           | 5/5           | 16/16         | 8/8           | 0/0       | 0/0       | 0/0   | 0/0   | loopback/transmit/buf                                                                                                            |
| ++kcuart                             |           | 10/10         | 10/10         | 14/14         | 1/1           | 0/0       | 0/0       | 0/0   | 0/0   | loopback/transmit/kcuart                                                                                                         |
+---------------------------------------------------------------------------------------------------------------------------------------------------------------------------------------------------------------------------------------------------------------------------------------------+

* Slices can be packed with basic elements from multiple hierarchies.
  Therefore, a slice will be counted in every hierarchical module
  that each of its packed basic elements belong to.
** For each column, there are two numbers reported <A>/<B>.
   <A> is the number of elements that belong to that specific hierarchical module.
   <B> is the total number of elements from that hierarchical module and any lower level
   hierarchical modules below.
*** The LUTRAM column counts all LUTs used as memory including RAM, ROM, and shift registers.
